Error: Cannot find module './routes/doglist'
    at Function.Module._resolveFilename (module.js:470:15)
    at Function.Module._load (module.js:418:25)
    at Module.require (module.js:498:17)
    at require (internal/module.js:20:19)
    at Object.<anonymous> (/home/ubuntu/dogeun/app.js:10:15)
    at Module._compile (module.js:571:32)
    at Object.Module._extensions..js (module.js:580:10)
    at Module.load (module.js:488:32)
    at tryModuleLoad (module.js:447:12)
    at Function.Module._load (module.js:439:3)
Error: Cannot find module './routes/doglist'
    at Function.Module._resolveFilename (module.js:470:15)
    at Function.Module._load (module.js:418:25)
    at Module.require (module.js:498:17)
    at require (internal/module.js:20:19)
    at Object.<anonymous> (/home/ubuntu/dogeun/app.js:10:15)
    at Module._compile (module.js:571:32)
    at Object.Module._extensions..js (module.js:580:10)
    at Module.load (module.js:488:32)
    at tryModuleLoad (module.js:447:12)
    at Function.Module._load (module.js:439:3)
Error: Cannot find module './routes/doglist'
    at Function.Module._resolveFilename (module.js:470:15)
    at Function.Module._load (module.js:418:25)
    at Module.require (module.js:498:17)
    at require (internal/module.js:20:19)
    at Object.<anonymous> (/home/ubuntu/dogeun/app.js:10:15)
    at Module._compile (module.js:571:32)
    at Object.Module._extensions..js (module.js:580:10)
    at Module.load (module.js:488:32)
    at tryModuleLoad (module.js:447:12)
    at Function.Module._load (module.js:439:3)
Error: Cannot find module './routes/doglist'
    at Function.Module._resolveFilename (module.js:470:15)
    at Function.Module._load (module.js:418:25)
    at Module.require (module.js:498:17)
    at require (internal/module.js:20:19)
    at Object.<anonymous> (/home/ubuntu/dogeun/app.js:10:15)
    at Module._compile (module.js:571:32)
    at Object.Module._extensions..js (module.js:580:10)
    at Module.load (module.js:488:32)
    at tryModuleLoad (module.js:447:12)
    at Function.Module._load (module.js:439:3)
Error: Cannot find module './routes/doglist'
    at Function.Module._resolveFilename (module.js:470:15)
    at Function.Module._load (module.js:418:25)
    at Module.require (module.js:498:17)
    at require (internal/module.js:20:19)
    at Object.<anonymous> (/home/ubuntu/dogeun/app.js:10:15)
    at Module._compile (module.js:571:32)
    at Object.Module._extensions..js (module.js:580:10)
    at Module.load (module.js:488:32)
    at tryModuleLoad (module.js:447:12)
    at Function.Module._load (module.js:439:3)
Error: Cannot find module './routes/doglist'
    at Function.Module._resolveFilename (module.js:470:15)
    at Function.Module._load (module.js:418:25)
    at Module.require (module.js:498:17)
    at require (internal/module.js:20:19)
    at Object.<anonymous> (/home/ubuntu/dogeun/app.js:10:15)
    at Module._compile (module.js:571:32)
    at Object.Module._extensions..js (module.js:580:10)
    at Module.load (module.js:488:32)
    at tryModuleLoad (module.js:447:12)
    at Function.Module._load (module.js:439:3)
Error: Cannot find module './routes/doglist'
    at Function.Module._resolveFilename (module.js:470:15)
    at Function.Module._load (module.js:418:25)
    at Module.require (module.js:498:17)
    at require (internal/module.js:20:19)
    at Object.<anonymous> (/home/ubuntu/dogeun/app.js:10:15)
    at Module._compile (module.js:571:32)
    at Object.Module._extensions..js (module.js:580:10)
    at Module.load (module.js:488:32)
    at tryModuleLoad (module.js:447:12)
    at Function.Module._load (module.js:439:3)
Error: Cannot find module './routes/doglist'
    at Function.Module._resolveFilename (module.js:470:15)
    at Function.Module._load (module.js:418:25)
    at Module.require (module.js:498:17)
    at require (internal/module.js:20:19)
    at Object.<anonymous> (/home/ubuntu/dogeun/app.js:10:15)
    at Module._compile (module.js:571:32)
    at Object.Module._extensions..js (module.js:580:10)
    at Module.load (module.js:488:32)
    at tryModuleLoad (module.js:447:12)
    at Function.Module._load (module.js:439:3)
Error: Cannot find module './routes/doglist'
    at Function.Module._resolveFilename (module.js:470:15)
    at Function.Module._load (module.js:418:25)
    at Module.require (module.js:498:17)
    at require (internal/module.js:20:19)
    at Object.<anonymous> (/home/ubuntu/dogeun/app.js:10:15)
    at Module._compile (module.js:571:32)
    at Object.Module._extensions..js (module.js:580:10)
    at Module.load (module.js:488:32)
    at tryModuleLoad (module.js:447:12)
    at Function.Module._load (module.js:439:3)
Error: Cannot find module './routes/doglist'
    at Function.Module._resolveFilename (module.js:470:15)
    at Function.Module._load (module.js:418:25)
    at Module.require (module.js:498:17)
    at require (internal/module.js:20:19)
    at Object.<anonymous> (/home/ubuntu/dogeun/app.js:10:15)
    at Module._compile (module.js:571:32)
    at Object.Module._extensions..js (module.js:580:10)
    at Module.load (module.js:488:32)
    at tryModuleLoad (module.js:447:12)
    at Function.Module._load (module.js:439:3)
Error: Cannot find module './routes/doglist'
    at Function.Module._resolveFilename (module.js:470:15)
    at Function.Module._load (module.js:418:25)
    at Module.require (module.js:498:17)
    at require (internal/module.js:20:19)
    at Object.<anonymous> (/home/ubuntu/dogeun/app.js:10:15)
    at Module._compile (module.js:571:32)
    at Object.Module._extensions..js (module.js:580:10)
    at Module.load (module.js:488:32)
    at tryModuleLoad (module.js:447:12)
    at Function.Module._load (module.js:439:3)
Error: Cannot find module './routes/doglist'
    at Function.Module._resolveFilename (module.js:470:15)
    at Function.Module._load (module.js:418:25)
    at Module.require (module.js:498:17)
    at require (internal/module.js:20:19)
    at Object.<anonymous> (/home/ubuntu/dogeun/app.js:10:15)
    at Module._compile (module.js:571:32)
    at Object.Module._extensions..js (module.js:580:10)
    at Module.load (module.js:488:32)
    at tryModuleLoad (module.js:447:12)
    at Function.Module._load (module.js:439:3)
Error: Cannot find module './routes/doglist'
    at Function.Module._resolveFilename (module.js:470:15)
    at Function.Module._load (module.js:418:25)
    at Module.require (module.js:498:17)
    at require (internal/module.js:20:19)
    at Object.<anonymous> (/home/ubuntu/dogeun/app.js:10:15)
    at Module._compile (module.js:571:32)
    at Object.Module._extensions..js (module.js:580:10)
    at Module.load (module.js:488:32)
    at tryModuleLoad (module.js:447:12)
    at Function.Module._load (module.js:439:3)
Error: Cannot find module './routes/doglist'
    at Function.Module._resolveFilename (module.js:470:15)
    at Function.Module._load (module.js:418:25)
    at Module.require (module.js:498:17)
    at require (internal/module.js:20:19)
    at Object.<anonymous> (/home/ubuntu/dogeun/app.js:10:15)
    at Module._compile (module.js:571:32)
    at Object.Module._extensions..js (module.js:580:10)
    at Module.load (module.js:488:32)
    at tryModuleLoad (module.js:447:12)
    at Function.Module._load (module.js:439:3)
Error: Cannot find module './routes/doglist'
    at Function.Module._resolveFilename (module.js:470:15)
    at Function.Module._load (module.js:418:25)
    at Module.require (module.js:498:17)
    at require (internal/module.js:20:19)
    at Object.<anonymous> (/home/ubuntu/dogeun/app.js:10:15)
    at Module._compile (module.js:571:32)
    at Object.Module._extensions..js (module.js:580:10)
    at Module.load (module.js:488:32)
    at tryModuleLoad (module.js:447:12)
    at Function.Module._load (module.js:439:3)
Error: Cannot find module './routes/doglist'
    at Function.Module._resolveFilename (module.js:470:15)
    at Function.Module._load (module.js:418:25)
    at Module.require (module.js:498:17)
    at require (internal/module.js:20:19)
    at Object.<anonymous> (/home/ubuntu/dogeun/app.js:10:15)
    at Module._compile (module.js:571:32)
    at Object.Module._extensions..js (module.js:580:10)
    at Module.load (module.js:488:32)
    at tryModuleLoad (module.js:447:12)
    at Function.Module._load (module.js:439:3)
/home/ubuntu/dogeun/model/doglists.js:68
    catch {
          ^
SyntaxError: Unexpected token {
    at createScript (vm.js:53:10)
    at Object.runInThisContext (vm.js:95:10)
    at Module._compile (module.js:543:28)
    at Object.Module._extensions..js (module.js:580:10)
    at Module.load (module.js:488:32)
    at tryModuleLoad (module.js:447:12)
    at Function.Module._load (module.js:439:3)
    at Module.require (module.js:498:17)
    at require (internal/module.js:20:19)
    at Object.<anonymous> (/home/ubuntu/dogeun/routes/doglists.js:5:17)
/home/ubuntu/dogeun/model/doglists.js:68
    catch {
          ^
SyntaxError: Unexpected token {
    at createScript (vm.js:53:10)
    at Object.runInThisContext (vm.js:95:10)
    at Module._compile (module.js:543:28)
    at Object.Module._extensions..js (module.js:580:10)
    at Module.load (module.js:488:32)
    at tryModuleLoad (module.js:447:12)
    at Function.Module._load (module.js:439:3)
    at Module.require (module.js:498:17)
    at require (internal/module.js:20:19)
    at Object.<anonymous> (/home/ubuntu/dogeun/routes/doglists.js:5:17)
/home/ubuntu/dogeun/model/doglists.js:68
    catch {
          ^
SyntaxError: Unexpected token {
    at createScript (vm.js:53:10)
    at Object.runInThisContext (vm.js:95:10)
    at Module._compile (module.js:543:28)
    at Object.Module._extensions..js (module.js:580:10)
    at Module.load (module.js:488:32)
    at tryModuleLoad (module.js:447:12)
    at Function.Module._load (module.js:439:3)
    at Module.require (module.js:498:17)
    at require (internal/module.js:20:19)
    at Object.<anonymous> (/home/ubuntu/dogeun/routes/doglists.js:5:17)
/home/ubuntu/dogeun/model/doglists.js:68
    catch {
          ^
SyntaxError: Unexpected token {
    at createScript (vm.js:53:10)
    at Object.runInThisContext (vm.js:95:10)
    at Module._compile (module.js:543:28)
    at Object.Module._extensions..js (module.js:580:10)
    at Module.load (module.js:488:32)
    at tryModuleLoad (module.js:447:12)
    at Function.Module._load (module.js:439:3)
    at Module.require (module.js:498:17)
    at require (internal/module.js:20:19)
    at Object.<anonymous> (/home/ubuntu/dogeun/routes/doglists.js:5:17)
/home/ubuntu/dogeun/model/doglists.js:68
    catch {
          ^
SyntaxError: Unexpected token {
    at createScript (vm.js:53:10)
    at Object.runInThisContext (vm.js:95:10)
    at Module._compile (module.js:543:28)
    at Object.Module._extensions..js (module.js:580:10)
    at Module.load (module.js:488:32)
    at tryModuleLoad (module.js:447:12)
    at Function.Module._load (module.js:439:3)
    at Module.require (module.js:498:17)
    at require (internal/module.js:20:19)
    at Object.<anonymous> (/home/ubuntu/dogeun/routes/doglists.js:5:17)
/home/ubuntu/dogeun/model/doglists.js:68
    catch {
          ^
SyntaxError: Unexpected token {
    at createScript (vm.js:53:10)
    at Object.runInThisContext (vm.js:95:10)
    at Module._compile (module.js:543:28)
    at Object.Module._extensions..js (module.js:580:10)
    at Module.load (module.js:488:32)
    at tryModuleLoad (module.js:447:12)
    at Function.Module._load (module.js:439:3)
    at Module.require (module.js:498:17)
    at require (internal/module.js:20:19)
    at Object.<anonymous> (/home/ubuntu/dogeun/routes/doglists.js:5:17)
/home/ubuntu/dogeun/model/doglists.js:68
    catch {
          ^
SyntaxError: Unexpected token {
    at createScript (vm.js:53:10)
    at Object.runInThisContext (vm.js:95:10)
    at Module._compile (module.js:543:28)
    at Object.Module._extensions..js (module.js:580:10)
    at Module.load (module.js:488:32)
    at tryModuleLoad (module.js:447:12)
    at Function.Module._load (module.js:439:3)
    at Module.require (module.js:498:17)
    at require (internal/module.js:20:19)
    at Object.<anonymous> (/home/ubuntu/dogeun/routes/doglists.js:5:17)
/home/ubuntu/dogeun/model/doglists.js:68
    catch {
          ^
SyntaxError: Unexpected token {
    at createScript (vm.js:53:10)
    at Object.runInThisContext (vm.js:95:10)
    at Module._compile (module.js:543:28)
    at Object.Module._extensions..js (module.js:580:10)
    at Module.load (module.js:488:32)
    at tryModuleLoad (module.js:447:12)
    at Function.Module._load (module.js:439:3)
    at Module.require (module.js:498:17)
    at require (internal/module.js:20:19)
    at Object.<anonymous> (/home/ubuntu/dogeun/routes/doglists.js:5:17)
/home/ubuntu/dogeun/model/doglists.js:68
    catch {
          ^
SyntaxError: Unexpected token {
    at createScript (vm.js:53:10)
    at Object.runInThisContext (vm.js:95:10)
    at Module._compile (module.js:543:28)
    at Object.Module._extensions..js (module.js:580:10)
    at Module.load (module.js:488:32)
    at tryModuleLoad (module.js:447:12)
    at Function.Module._load (module.js:439:3)
    at Module.require (module.js:498:17)
    at require (internal/module.js:20:19)
    at Object.<anonymous> (/home/ubuntu/dogeun/routes/doglists.js:5:17)
/home/ubuntu/dogeun/model/doglists.js:68
    catch {
          ^
SyntaxError: Unexpected token {
    at createScript (vm.js:53:10)
    at Object.runInThisContext (vm.js:95:10)
    at Module._compile (module.js:543:28)
    at Object.Module._extensions..js (module.js:580:10)
    at Module.load (module.js:488:32)
    at tryModuleLoad (module.js:447:12)
    at Function.Module._load (module.js:439:3)
    at Module.require (module.js:498:17)
    at require (internal/module.js:20:19)
    at Object.<anonymous> (/home/ubuntu/dogeun/routes/doglists.js:5:17)
/home/ubuntu/dogeun/model/doglists.js:68
    catch {
          ^
SyntaxError: Unexpected token {
    at createScript (vm.js:53:10)
    at Object.runInThisContext (vm.js:95:10)
    at Module._compile (module.js:543:28)
    at Object.Module._extensions..js (module.js:580:10)
    at Module.load (module.js:488:32)
    at tryModuleLoad (module.js:447:12)
    at Function.Module._load (module.js:439:3)
    at Module.require (module.js:498:17)
    at require (internal/module.js:20:19)
    at Object.<anonymous> (/home/ubuntu/dogeun/routes/doglists.js:5:17)
/home/ubuntu/dogeun/model/doglists.js:68
    catch {
          ^
SyntaxError: Unexpected token {
    at createScript (vm.js:53:10)
    at Object.runInThisContext (vm.js:95:10)
    at Module._compile (module.js:543:28)
    at Object.Module._extensions..js (module.js:580:10)
    at Module.load (module.js:488:32)
    at tryModuleLoad (module.js:447:12)
    at Function.Module._load (module.js:439:3)
    at Module.require (module.js:498:17)
    at require (internal/module.js:20:19)
    at Object.<anonymous> (/home/ubuntu/dogeun/routes/doglists.js:5:17)
/home/ubuntu/dogeun/model/doglists.js:68
    catch {
          ^
SyntaxError: Unexpected token {
    at createScript (vm.js:53:10)
    at Object.runInThisContext (vm.js:95:10)
    at Module._compile (module.js:543:28)
    at Object.Module._extensions..js (module.js:580:10)
    at Module.load (module.js:488:32)
    at tryModuleLoad (module.js:447:12)
    at Function.Module._load (module.js:439:3)
    at Module.require (module.js:498:17)
    at require (internal/module.js:20:19)
    at Object.<anonymous> (/home/ubuntu/dogeun/routes/doglists.js:5:17)
/home/ubuntu/dogeun/model/doglists.js:68
    catch {
          ^
SyntaxError: Unexpected token {
    at createScript (vm.js:53:10)
    at Object.runInThisContext (vm.js:95:10)
    at Module._compile (module.js:543:28)
    at Object.Module._extensions..js (module.js:580:10)
    at Module.load (module.js:488:32)
    at tryModuleLoad (module.js:447:12)
    at Function.Module._load (module.js:439:3)
    at Module.require (module.js:498:17)
    at require (internal/module.js:20:19)
    at Object.<anonymous> (/home/ubuntu/dogeun/routes/doglists.js:5:17)
/home/ubuntu/dogeun/model/doglists.js:68
    catch {
          ^
SyntaxError: Unexpected token {
    at createScript (vm.js:53:10)
    at Object.runInThisContext (vm.js:95:10)
    at Module._compile (module.js:543:28)
    at Object.Module._extensions..js (module.js:580:10)
    at Module.load (module.js:488:32)
    at tryModuleLoad (module.js:447:12)
    at Function.Module._load (module.js:439:3)
    at Module.require (module.js:498:17)
    at require (internal/module.js:20:19)
    at Object.<anonymous> (/home/ubuntu/dogeun/routes/doglists.js:5:17)
/home/ubuntu/dogeun/model/doglists.js:68
    catch {
          ^
SyntaxError: Unexpected token {
    at createScript (vm.js:53:10)
    at Object.runInThisContext (vm.js:95:10)
    at Module._compile (module.js:543:28)
    at Object.Module._extensions..js (module.js:580:10)
    at Module.load (module.js:488:32)
    at tryModuleLoad (module.js:447:12)
    at Function.Module._load (module.js:439:3)
    at Module.require (module.js:498:17)
    at require (internal/module.js:20:19)
    at Object.<anonymous> (/home/ubuntu/dogeun/routes/doglists.js:5:17)
Error: ENOENT: no such file or directory, open './aws_config.json'
    at Object.fs.openSync (fs.js:584:18)
    at Object.fs.readFileSync (fs.js:491:33)
    at Object.readFileSync (/home/ubuntu/dogeun/node_modules/aws-sdk/lib/util.js:97:26)
    at Config.loadFromPath (/home/ubuntu/dogeun/node_modules/aws-sdk/lib/config.js:402:39)
    at Object.<anonymous> (/home/ubuntu/dogeun/config/AWS.js:4:12)
    at Module._compile (module.js:571:32)
    at Object.Module._extensions..js (module.js:580:10)
    at Module.load (module.js:488:32)
    at tryModuleLoad (module.js:447:12)
    at Function.Module._load (module.js:439:3)
Error: ENOENT: no such file or directory, open './aws_config.json'
    at Object.fs.openSync (fs.js:584:18)
    at Object.fs.readFileSync (fs.js:491:33)
    at Object.readFileSync (/home/ubuntu/dogeun/node_modules/aws-sdk/lib/util.js:97:26)
    at Config.loadFromPath (/home/ubuntu/dogeun/node_modules/aws-sdk/lib/config.js:402:39)
    at Object.<anonymous> (/home/ubuntu/dogeun/config/AWS.js:4:12)
    at Module._compile (module.js:571:32)
    at Object.Module._extensions..js (module.js:580:10)
    at Module.load (module.js:488:32)
    at tryModuleLoad (module.js:447:12)
    at Function.Module._load (module.js:439:3)
Error: ENOENT: no such file or directory, open './aws_config.json'
    at Object.fs.openSync (fs.js:584:18)
    at Object.fs.readFileSync (fs.js:491:33)
    at Object.readFileSync (/home/ubuntu/dogeun/node_modules/aws-sdk/lib/util.js:97:26)
    at Config.loadFromPath (/home/ubuntu/dogeun/node_modules/aws-sdk/lib/config.js:402:39)
    at Object.<anonymous> (/home/ubuntu/dogeun/config/AWS.js:4:12)
    at Module._compile (module.js:571:32)
    at Object.Module._extensions..js (module.js:580:10)
    at Module.load (module.js:488:32)
    at tryModuleLoad (module.js:447:12)
    at Function.Module._load (module.js:439:3)
Error: ENOENT: no such file or directory, open './aws_config.json'
    at Object.fs.openSync (fs.js:584:18)
    at Object.fs.readFileSync (fs.js:491:33)
    at Object.readFileSync (/home/ubuntu/dogeun/node_modules/aws-sdk/lib/util.js:97:26)
    at Config.loadFromPath (/home/ubuntu/dogeun/node_modules/aws-sdk/lib/config.js:402:39)
    at Object.<anonymous> (/home/ubuntu/dogeun/config/AWS.js:4:12)
    at Module._compile (module.js:571:32)
    at Object.Module._extensions..js (module.js:580:10)
    at Module.load (module.js:488:32)
    at tryModuleLoad (module.js:447:12)
    at Function.Module._load (module.js:439:3)
Error: ENOENT: no such file or directory, open './aws_config.json'
    at Object.fs.openSync (fs.js:584:18)
    at Object.fs.readFileSync (fs.js:491:33)
    at Object.readFileSync (/home/ubuntu/dogeun/node_modules/aws-sdk/lib/util.js:97:26)
    at Config.loadFromPath (/home/ubuntu/dogeun/node_modules/aws-sdk/lib/config.js:402:39)
    at Object.<anonymous> (/home/ubuntu/dogeun/config/AWS.js:4:12)
    at Module._compile (module.js:571:32)
    at Object.Module._extensions..js (module.js:580:10)
    at Module.load (module.js:488:32)
    at tryModuleLoad (module.js:447:12)
    at Function.Module._load (module.js:439:3)
Error: ENOENT: no such file or directory, open './aws_config.json'
    at Object.fs.openSync (fs.js:584:18)
    at Object.fs.readFileSync (fs.js:491:33)
    at Object.readFileSync (/home/ubuntu/dogeun/node_modules/aws-sdk/lib/util.js:97:26)
    at Config.loadFromPath (/home/ubuntu/dogeun/node_modules/aws-sdk/lib/config.js:402:39)
    at Object.<anonymous> (/home/ubuntu/dogeun/config/AWS.js:4:12)
    at Module._compile (module.js:571:32)
    at Object.Module._extensions..js (module.js:580:10)
    at Module.load (module.js:488:32)
    at tryModuleLoad (module.js:447:12)
    at Function.Module._load (module.js:439:3)
Error: ENOENT: no such file or directory, open './aws_config.json'
    at Object.fs.openSync (fs.js:584:18)
    at Object.fs.readFileSync (fs.js:491:33)
    at Object.readFileSync (/home/ubuntu/dogeun/node_modules/aws-sdk/lib/util.js:97:26)
    at Config.loadFromPath (/home/ubuntu/dogeun/node_modules/aws-sdk/lib/config.js:402:39)
    at Object.<anonymous> (/home/ubuntu/dogeun/config/AWS.js:4:12)
    at Module._compile (module.js:571:32)
    at Object.Module._extensions..js (module.js:580:10)
    at Module.load (module.js:488:32)
    at tryModuleLoad (module.js:447:12)
    at Function.Module._load (module.js:439:3)
Error: ENOENT: no such file or directory, open './aws_config.json'
    at Object.fs.openSync (fs.js:584:18)
    at Object.fs.readFileSync (fs.js:491:33)
    at Object.readFileSync (/home/ubuntu/dogeun/node_modules/aws-sdk/lib/util.js:97:26)
    at Config.loadFromPath (/home/ubuntu/dogeun/node_modules/aws-sdk/lib/config.js:402:39)
    at Object.<anonymous> (/home/ubuntu/dogeun/config/AWS.js:4:12)
    at Module._compile (module.js:571:32)
    at Object.Module._extensions..js (module.js:580:10)
    at Module.load (module.js:488:32)
    at tryModuleLoad (module.js:447:12)
    at Function.Module._load (module.js:439:3)
Error: ENOENT: no such file or directory, open './aws_config.json'
    at Object.fs.openSync (fs.js:584:18)
    at Object.fs.readFileSync (fs.js:491:33)
    at Object.readFileSync (/home/ubuntu/dogeun/node_modules/aws-sdk/lib/util.js:97:26)
    at Config.loadFromPath (/home/ubuntu/dogeun/node_modules/aws-sdk/lib/config.js:402:39)
    at Object.<anonymous> (/home/ubuntu/dogeun/config/AWS.js:4:12)
    at Module._compile (module.js:571:32)
    at Object.Module._extensions..js (module.js:580:10)
    at Module.load (module.js:488:32)
    at tryModuleLoad (module.js:447:12)
    at Function.Module._load (module.js:439:3)
Error: ENOENT: no such file or directory, open './aws_config.json'
    at Object.fs.openSync (fs.js:584:18)
    at Object.fs.readFileSync (fs.js:491:33)
    at Object.readFileSync (/home/ubuntu/dogeun/node_modules/aws-sdk/lib/util.js:97:26)
    at Config.loadFromPath (/home/ubuntu/dogeun/node_modules/aws-sdk/lib/config.js:402:39)
    at Object.<anonymous> (/home/ubuntu/dogeun/config/AWS.js:4:12)
    at Module._compile (module.js:571:32)
    at Object.Module._extensions..js (module.js:580:10)
    at Module.load (module.js:488:32)
    at tryModuleLoad (module.js:447:12)
    at Function.Module._load (module.js:439:3)
Error: ENOENT: no such file or directory, open './aws_config.json'
    at Object.fs.openSync (fs.js:584:18)
    at Object.fs.readFileSync (fs.js:491:33)
    at Object.readFileSync (/home/ubuntu/dogeun/node_modules/aws-sdk/lib/util.js:97:26)
    at Config.loadFromPath (/home/ubuntu/dogeun/node_modules/aws-sdk/lib/config.js:402:39)
    at Object.<anonymous> (/home/ubuntu/dogeun/config/AWS.js:4:12)
    at Module._compile (module.js:571:32)
    at Object.Module._extensions..js (module.js:580:10)
    at Module.load (module.js:488:32)
    at tryModuleLoad (module.js:447:12)
    at Function.Module._load (module.js:439:3)
Error: ENOENT: no such file or directory, open './aws_config.json'
    at Object.fs.openSync (fs.js:584:18)
    at Object.fs.readFileSync (fs.js:491:33)
    at Object.readFileSync (/home/ubuntu/dogeun/node_modules/aws-sdk/lib/util.js:97:26)
    at Config.loadFromPath (/home/ubuntu/dogeun/node_modules/aws-sdk/lib/config.js:402:39)
    at Object.<anonymous> (/home/ubuntu/dogeun/config/AWS.js:4:12)
    at Module._compile (module.js:571:32)
    at Object.Module._extensions..js (module.js:580:10)
    at Module.load (module.js:488:32)
    at tryModuleLoad (module.js:447:12)
    at Function.Module._load (module.js:439:3)
Error: ENOENT: no such file or directory, open './aws_config.json'
    at Object.fs.openSync (fs.js:584:18)
    at Object.fs.readFileSync (fs.js:491:33)
    at Object.readFileSync (/home/ubuntu/dogeun/node_modules/aws-sdk/lib/util.js:97:26)
    at Config.loadFromPath (/home/ubuntu/dogeun/node_modules/aws-sdk/lib/config.js:402:39)
    at Object.<anonymous> (/home/ubuntu/dogeun/config/AWS.js:4:12)
    at Module._compile (module.js:571:32)
    at Object.Module._extensions..js (module.js:580:10)
    at Module.load (module.js:488:32)
    at tryModuleLoad (module.js:447:12)
    at Function.Module._load (module.js:439:3)
Error: ENOENT: no such file or directory, open './aws_config.json'
    at Object.fs.openSync (fs.js:584:18)
    at Object.fs.readFileSync (fs.js:491:33)
    at Object.readFileSync (/home/ubuntu/dogeun/node_modules/aws-sdk/lib/util.js:97:26)
    at Config.loadFromPath (/home/ubuntu/dogeun/node_modules/aws-sdk/lib/config.js:402:39)
    at Object.<anonymous> (/home/ubuntu/dogeun/config/AWS.js:4:12)
    at Module._compile (module.js:571:32)
    at Object.Module._extensions..js (module.js:580:10)
    at Module.load (module.js:488:32)
    at tryModuleLoad (module.js:447:12)
    at Function.Module._load (module.js:439:3)
Error: ENOENT: no such file or directory, open './aws_config.json'
    at Object.fs.openSync (fs.js:584:18)
    at Object.fs.readFileSync (fs.js:491:33)
    at Object.readFileSync (/home/ubuntu/dogeun/node_modules/aws-sdk/lib/util.js:97:26)
    at Config.loadFromPath (/home/ubuntu/dogeun/node_modules/aws-sdk/lib/config.js:402:39)
    at Object.<anonymous> (/home/ubuntu/dogeun/config/AWS.js:4:12)
    at Module._compile (module.js:571:32)
    at Object.Module._extensions..js (module.js:580:10)
    at Module.load (module.js:488:32)
    at tryModuleLoad (module.js:447:12)
    at Function.Module._load (module.js:439:3)
Error: ENOENT: no such file or directory, open './aws_config.json'
    at Object.fs.openSync (fs.js:584:18)
    at Object.fs.readFileSync (fs.js:491:33)
    at Object.readFileSync (/home/ubuntu/dogeun/node_modules/aws-sdk/lib/util.js:97:26)
    at Config.loadFromPath (/home/ubuntu/dogeun/node_modules/aws-sdk/lib/config.js:402:39)
    at Object.<anonymous> (/home/ubuntu/dogeun/config/AWS.js:4:12)
    at Module._compile (module.js:571:32)
    at Object.Module._extensions..js (module.js:580:10)
    at Module.load (module.js:488:32)
    at tryModuleLoad (module.js:447:12)
    at Function.Module._load (module.js:439:3)
You have triggered an unhandledRejection, you may have forgotten to catch a Promise rejection:
Error: Command failed: convert https://yeonsudogndogn.s3.ap-northeast-2.amazonaws.com/1496212536982.jpg -auto-orient -gravity Center -resize 300x300 -crop 300x300+0+0 thumbnail/thumbnail_1496212536982.jpg
convert: not authorized `//yeonsudogndogn.s3.ap-northeast-2.amazonaws.com/1496212536982.jpg' @ error/constitute.c/ReadImage/412.
convert: no images defined `thumbnail/thumbnail_1496212536982.jpg' @ error/convert.c/ConvertImageCommand/3210.

    at ChildProcess.exithandler (child_process.js:205:12)
    at emitTwo (events.js:106:13)
    at ChildProcess.emit (events.js:194:7)
    at maybeClose (internal/child_process.js:899:16)
    at Process.ChildProcess._handle.onexit (internal/child_process.js:226:5)
You have triggered an unhandledRejection, you may have forgotten to catch a Promise rejection:
Error: Command failed: convert https://yeonsudogndogn.s3.ap-northeast-2.amazonaws.com/1496212833655.jpg -auto-orient -gravity Center -resize 300x300 -crop 300x300+0+0 thumbnail/thumbnail_1496212833655.jpg
convert: not authorized `//yeonsudogndogn.s3.ap-northeast-2.amazonaws.com/1496212833655.jpg' @ error/constitute.c/ReadImage/412.
convert: no images defined `thumbnail/thumbnail_1496212833655.jpg' @ error/convert.c/ConvertImageCommand/3210.

    at ChildProcess.exithandler (child_process.js:205:12)
    at emitTwo (events.js:106:13)
    at ChildProcess.emit (events.js:194:7)
    at maybeClose (internal/child_process.js:899:16)
    at Process.ChildProcess._handle.onexit (internal/child_process.js:226:5)
/home/ubuntu/dogeun/model/profiles.js:9
    await easyimage.rescrop({
          ^^^^^^^^^
SyntaxError: Unexpected identifier
    at createScript (vm.js:53:10)
    at Object.runInThisContext (vm.js:95:10)
    at Module._compile (module.js:543:28)
    at Object.Module._extensions..js (module.js:580:10)
    at Module.load (module.js:488:32)
    at tryModuleLoad (module.js:447:12)
    at Function.Module._load (module.js:439:3)
    at Module.require (module.js:498:17)
    at require (internal/module.js:20:19)
    at Object.<anonymous> (/home/ubuntu/dogeun/routes/profiles.js:3:17)
    at Module._compile (module.js:571:32)
    at Object.Module._extensions..js (module.js:580:10)
    at Module.load (module.js:488:32)
    at tryModuleLoad (module.js:447:12)
    at Function.Module._load (module.js:439:3)
    at Module.require (module.js:498:17)
/home/ubuntu/dogeun/model/profiles.js:9
    await easyimage.rescrop({
          ^^^^^^^^^
SyntaxError: Unexpected identifier
    at createScript (vm.js:53:10)
    at Object.runInThisContext (vm.js:95:10)
    at Module._compile (module.js:543:28)
    at Object.Module._extensions..js (module.js:580:10)
    at Module.load (module.js:488:32)
    at tryModuleLoad (module.js:447:12)
    at Function.Module._load (module.js:439:3)
    at Module.require (module.js:498:17)
    at require (internal/module.js:20:19)
    at Object.<anonymous> (/home/ubuntu/dogeun/routes/profiles.js:3:17)
    at Module._compile (module.js:571:32)
    at Object.Module._extensions..js (module.js:580:10)
    at Module.load (module.js:488:32)
    at tryModuleLoad (module.js:447:12)
    at Function.Module._load (module.js:439:3)
    at Module.require (module.js:498:17)
/home/ubuntu/dogeun/model/profiles.js:9
    await easyimage.rescrop({
          ^^^^^^^^^
SyntaxError: Unexpected identifier
    at createScript (vm.js:53:10)
    at Object.runInThisContext (vm.js:95:10)
    at Module._compile (module.js:543:28)
    at Object.Module._extensions..js (module.js:580:10)
    at Module.load (module.js:488:32)
    at tryModuleLoad (module.js:447:12)
    at Function.Module._load (module.js:439:3)
    at Module.require (module.js:498:17)
    at require (internal/module.js:20:19)
    at Object.<anonymous> (/home/ubuntu/dogeun/routes/profiles.js:3:17)
    at Module._compile (module.js:571:32)
    at Object.Module._extensions..js (module.js:580:10)
    at Module.load (module.js:488:32)
    at tryModuleLoad (module.js:447:12)
    at Function.Module._load (module.js:439:3)
    at Module.require (module.js:498:17)
/home/ubuntu/dogeun/model/profiles.js:9
    await easyimage.rescrop({
          ^^^^^^^^^
SyntaxError: Unexpected identifier
    at createScript (vm.js:53:10)
    at Object.runInThisContext (vm.js:95:10)
    at Module._compile (module.js:543:28)
    at Object.Module._extensions..js (module.js:580:10)
    at Module.load (module.js:488:32)
    at tryModuleLoad (module.js:447:12)
    at Function.Module._load (module.js:439:3)
    at Module.require (module.js:498:17)
    at require (internal/module.js:20:19)
    at Object.<anonymous> (/home/ubuntu/dogeun/routes/profiles.js:3:17)
    at Module._compile (module.js:571:32)
    at Object.Module._extensions..js (module.js:580:10)
    at Module.load (module.js:488:32)
    at tryModuleLoad (module.js:447:12)
    at Function.Module._load (module.js:439:3)
    at Module.require (module.js:498:17)
/home/ubuntu/dogeun/model/profiles.js:9
    await easyimage.rescrop({
          ^^^^^^^^^
SyntaxError: Unexpected identifier
    at createScript (vm.js:53:10)
    at Object.runInThisContext (vm.js:95:10)
    at Module._compile (module.js:543:28)
    at Object.Module._extensions..js (module.js:580:10)
    at Module.load (module.js:488:32)
    at tryModuleLoad (module.js:447:12)
    at Function.Module._load (module.js:439:3)
    at Module.require (module.js:498:17)
    at require (internal/module.js:20:19)
    at Object.<anonymous> (/home/ubuntu/dogeun/routes/profiles.js:3:17)
    at Module._compile (module.js:571:32)
    at Object.Module._extensions..js (module.js:580:10)
    at Module.load (module.js:488:32)
    at tryModuleLoad (module.js:447:12)
    at Function.Module._load (module.js:439:3)
    at Module.require (module.js:498:17)
/home/ubuntu/dogeun/model/profiles.js:9
    await easyimage.rescrop({
          ^^^^^^^^^
SyntaxError: Unexpected identifier
    at createScript (vm.js:53:10)
    at Object.runInThisContext (vm.js:95:10)
    at Module._compile (module.js:543:28)
    at Object.Module._extensions..js (module.js:580:10)
    at Module.load (module.js:488:32)
    at tryModuleLoad (module.js:447:12)
    at Function.Module._load (module.js:439:3)
    at Module.require (module.js:498:17)
    at require (internal/module.js:20:19)
    at Object.<anonymous> (/home/ubuntu/dogeun/routes/profiles.js:3:17)
    at Module._compile (module.js:571:32)
    at Object.Module._extensions..js (module.js:580:10)
    at Module.load (module.js:488:32)
    at tryModuleLoad (module.js:447:12)
    at Function.Module._load (module.js:439:3)
    at Module.require (module.js:498:17)
/home/ubuntu/dogeun/model/profiles.js:9
    await easyimage.rescrop({
          ^^^^^^^^^
SyntaxError: Unexpected identifier
    at createScript (vm.js:53:10)
    at Object.runInThisContext (vm.js:95:10)
    at Module._compile (module.js:543:28)
    at Object.Module._extensions..js (module.js:580:10)
    at Module.load (module.js:488:32)
    at tryModuleLoad (module.js:447:12)
    at Function.Module._load (module.js:439:3)
    at Module.require (module.js:498:17)
    at require (internal/module.js:20:19)
    at Object.<anonymous> (/home/ubuntu/dogeun/routes/profiles.js:3:17)
    at Module._compile (module.js:571:32)
    at Object.Module._extensions..js (module.js:580:10)
    at Module.load (module.js:488:32)
    at tryModuleLoad (module.js:447:12)
    at Function.Module._load (module.js:439:3)
    at Module.require (module.js:498:17)
/home/ubuntu/dogeun/model/profiles.js:9
    await easyimage.rescrop({
          ^^^^^^^^^
SyntaxError: Unexpected identifier
    at createScript (vm.js:53:10)
    at Object.runInThisContext (vm.js:95:10)
    at Module._compile (module.js:543:28)
    at Object.Module._extensions..js (module.js:580:10)
    at Module.load (module.js:488:32)
    at tryModuleLoad (module.js:447:12)
    at Function.Module._load (module.js:439:3)
    at Module.require (module.js:498:17)
    at require (internal/module.js:20:19)
    at Object.<anonymous> (/home/ubuntu/dogeun/routes/profiles.js:3:17)
    at Module._compile (module.js:571:32)
    at Object.Module._extensions..js (module.js:580:10)
    at Module.load (module.js:488:32)
    at tryModuleLoad (module.js:447:12)
    at Function.Module._load (module.js:439:3)
    at Module.require (module.js:498:17)
/home/ubuntu/dogeun/model/profiles.js:9
    await easyimage.rescrop({
          ^^^^^^^^^
SyntaxError: Unexpected identifier
    at createScript (vm.js:53:10)
    at Object.runInThisContext (vm.js:95:10)
    at Module._compile (module.js:543:28)
    at Object.Module._extensions..js (module.js:580:10)
    at Module.load (module.js:488:32)
    at tryModuleLoad (module.js:447:12)
    at Function.Module._load (module.js:439:3)
    at Module.require (module.js:498:17)
    at require (internal/module.js:20:19)
    at Object.<anonymous> (/home/ubuntu/dogeun/routes/profiles.js:3:17)
    at Module._compile (module.js:571:32)
    at Object.Module._extensions..js (module.js:580:10)
    at Module.load (module.js:488:32)
    at tryModuleLoad (module.js:447:12)
    at Function.Module._load (module.js:439:3)
    at Module.require (module.js:498:17)
/home/ubuntu/dogeun/model/profiles.js:9
    await easyimage.rescrop({
          ^^^^^^^^^
SyntaxError: Unexpected identifier
    at createScript (vm.js:53:10)
    at Object.runInThisContext (vm.js:95:10)
    at Module._compile (module.js:543:28)
    at Object.Module._extensions..js (module.js:580:10)
    at Module.load (module.js:488:32)
    at tryModuleLoad (module.js:447:12)
    at Function.Module._load (module.js:439:3)
    at Module.require (module.js:498:17)
    at require (internal/module.js:20:19)
    at Object.<anonymous> (/home/ubuntu/dogeun/routes/profiles.js:3:17)
    at Module._compile (module.js:571:32)
    at Object.Module._extensions..js (module.js:580:10)
    at Module.load (module.js:488:32)
    at tryModuleLoad (module.js:447:12)
    at Function.Module._load (module.js:439:3)
    at Module.require (module.js:498:17)
/home/ubuntu/dogeun/model/profiles.js:9
    await easyimage.rescrop({
          ^^^^^^^^^
SyntaxError: Unexpected identifier
    at createScript (vm.js:53:10)
    at Object.runInThisContext (vm.js:95:10)
    at Module._compile (module.js:543:28)
    at Object.Module._extensions..js (module.js:580:10)
    at Module.load (module.js:488:32)
    at tryModuleLoad (module.js:447:12)
    at Function.Module._load (module.js:439:3)
    at Module.require (module.js:498:17)
    at require (internal/module.js:20:19)
    at Object.<anonymous> (/home/ubuntu/dogeun/routes/profiles.js:3:17)
    at Module._compile (module.js:571:32)
    at Object.Module._extensions..js (module.js:580:10)
    at Module.load (module.js:488:32)
    at tryModuleLoad (module.js:447:12)
    at Function.Module._load (module.js:439:3)
    at Module.require (module.js:498:17)
/home/ubuntu/dogeun/model/profiles.js:9
    await easyimage.rescrop({
          ^^^^^^^^^
SyntaxError: Unexpected identifier
    at createScript (vm.js:53:10)
    at Object.runInThisContext (vm.js:95:10)
    at Module._compile (module.js:543:28)
    at Object.Module._extensions..js (module.js:580:10)
    at Module.load (module.js:488:32)
    at tryModuleLoad (module.js:447:12)
    at Function.Module._load (module.js:439:3)
    at Module.require (module.js:498:17)
    at require (internal/module.js:20:19)
    at Object.<anonymous> (/home/ubuntu/dogeun/routes/profiles.js:3:17)
    at Module._compile (module.js:571:32)
    at Object.Module._extensions..js (module.js:580:10)
    at Module.load (module.js:488:32)
    at tryModuleLoad (module.js:447:12)
    at Function.Module._load (module.js:439:3)
    at Module.require (module.js:498:17)
/home/ubuntu/dogeun/model/profiles.js:9
    await easyimage.rescrop({
          ^^^^^^^^^
SyntaxError: Unexpected identifier
    at createScript (vm.js:53:10)
    at Object.runInThisContext (vm.js:95:10)
    at Module._compile (module.js:543:28)
    at Object.Module._extensions..js (module.js:580:10)
    at Module.load (module.js:488:32)
    at tryModuleLoad (module.js:447:12)
    at Function.Module._load (module.js:439:3)
    at Module.require (module.js:498:17)
    at require (internal/module.js:20:19)
    at Object.<anonymous> (/home/ubuntu/dogeun/routes/profiles.js:3:17)
    at Module._compile (module.js:571:32)
    at Object.Module._extensions..js (module.js:580:10)
    at Module.load (module.js:488:32)
    at tryModuleLoad (module.js:447:12)
    at Function.Module._load (module.js:439:3)
    at Module.require (module.js:498:17)
/home/ubuntu/dogeun/model/profiles.js:9
    await easyimage.rescrop({
          ^^^^^^^^^
SyntaxError: Unexpected identifier
    at createScript (vm.js:53:10)
    at Object.runInThisContext (vm.js:95:10)
    at Module._compile (module.js:543:28)
    at Object.Module._extensions..js (module.js:580:10)
    at Module.load (module.js:488:32)
    at tryModuleLoad (module.js:447:12)
    at Function.Module._load (module.js:439:3)
    at Module.require (module.js:498:17)
    at require (internal/module.js:20:19)
    at Object.<anonymous> (/home/ubuntu/dogeun/routes/profiles.js:3:17)
    at Module._compile (module.js:571:32)
    at Object.Module._extensions..js (module.js:580:10)
    at Module.load (module.js:488:32)
    at tryModuleLoad (module.js:447:12)
    at Function.Module._load (module.js:439:3)
    at Module.require (module.js:498:17)
/home/ubuntu/dogeun/model/profiles.js:9
    await easyimage.rescrop({
          ^^^^^^^^^
SyntaxError: Unexpected identifier
    at createScript (vm.js:53:10)
    at Object.runInThisContext (vm.js:95:10)
    at Module._compile (module.js:543:28)
    at Object.Module._extensions..js (module.js:580:10)
    at Module.load (module.js:488:32)
    at tryModuleLoad (module.js:447:12)
    at Function.Module._load (module.js:439:3)
    at Module.require (module.js:498:17)
    at require (internal/module.js:20:19)
    at Object.<anonymous> (/home/ubuntu/dogeun/routes/profiles.js:3:17)
    at Module._compile (module.js:571:32)
    at Object.Module._extensions..js (module.js:580:10)
    at Module.load (module.js:488:32)
    at tryModuleLoad (module.js:447:12)
    at Function.Module._load (module.js:439:3)
    at Module.require (module.js:498:17)
/home/ubuntu/dogeun/model/profiles.js:9
    await easyimage.rescrop({
          ^^^^^^^^^
SyntaxError: Unexpected identifier
    at createScript (vm.js:53:10)
    at Object.runInThisContext (vm.js:95:10)
    at Module._compile (module.js:543:28)
    at Object.Module._extensions..js (module.js:580:10)
    at Module.load (module.js:488:32)
    at tryModuleLoad (module.js:447:12)
    at Function.Module._load (module.js:439:3)
    at Module.require (module.js:498:17)
    at require (internal/module.js:20:19)
    at Object.<anonymous> (/home/ubuntu/dogeun/routes/profiles.js:3:17)
    at Module._compile (module.js:571:32)
    at Object.Module._extensions..js (module.js:580:10)
    at Module.load (module.js:488:32)
    at tryModuleLoad (module.js:447:12)
    at Function.Module._load (module.js:439:3)
    at Module.require (module.js:498:17)
You have triggered an unhandledRejection, you may have forgotten to catch a Promise rejection:
Error: Command failed: convert https://yeonsudogndogn.s3.ap-northeast-2.amazonaws.com/1496213046781.jpg -auto-orient -gravity Center -resize 300x300 -crop 300x300+0+0 thumbnail/thumbnail_1496213046781.jpg
convert: not authorized `//yeonsudogndogn.s3.ap-northeast-2.amazonaws.com/1496213046781.jpg' @ error/constitute.c/ReadImage/412.
convert: no images defined `thumbnail/thumbnail_1496213046781.jpg' @ error/convert.c/ConvertImageCommand/3210.

    at ChildProcess.exithandler (child_process.js:205:12)
    at emitTwo (events.js:106:13)
    at ChildProcess.emit (events.js:194:7)
    at maybeClose (internal/child_process.js:899:16)
    at Process.ChildProcess._handle.onexit (internal/child_process.js:226:5)
You have triggered an unhandledRejection, you may have forgotten to catch a Promise rejection:
Error: Command failed: convert https://yeonsudogndogn.s3.ap-northeast-2.amazonaws.com/1496213157580.jpg -auto-orient -gravity Center -resize 300x300 -crop 300x300+0+0 thumbnail/thumbnail_1496213157580.jpg
convert: not authorized `//yeonsudogndogn.s3.ap-northeast-2.amazonaws.com/1496213157580.jpg' @ error/constitute.c/ReadImage/412.
convert: no images defined `thumbnail/thumbnail_1496213157580.jpg' @ error/convert.c/ConvertImageCommand/3210.

    at ChildProcess.exithandler (child_process.js:205:12)
    at emitTwo (events.js:106:13)
    at ChildProcess.emit (events.js:194:7)
    at maybeClose (internal/child_process.js:899:16)
    at Process.ChildProcess._handle.onexit (internal/child_process.js:226:5)
Error: Cannot find module './routes/profiles'
    at Function.Module._resolveFilename (module.js:470:15)
    at Function.Module._load (module.js:418:25)
    at Module.require (module.js:498:17)
    at require (internal/module.js:20:19)
    at Object.<anonymous> (/home/ubuntu/dogeun/app.js:11:16)
    at Module._compile (module.js:571:32)
    at Object.Module._extensions..js (module.js:580:10)
    at Module.load (module.js:488:32)
    at tryModuleLoad (module.js:447:12)
    at Function.Module._load (module.js:439:3)
    at Module.require (module.js:498:17)
    at require (internal/module.js:20:19)
    at Object.<anonymous> (/home/ubuntu/dogeun/bin/www:7:11)
    at Module._compile (module.js:571:32)
    at Object.Module._extensions..js (module.js:580:10)
    at Module.load (module.js:488:32)
Error: Cannot find module './routes/profiles'
    at Function.Module._resolveFilename (module.js:470:15)
    at Function.Module._load (module.js:418:25)
    at Module.require (module.js:498:17)
    at require (internal/module.js:20:19)
    at Object.<anonymous> (/home/ubuntu/dogeun/app.js:11:16)
    at Module._compile (module.js:571:32)
    at Object.Module._extensions..js (module.js:580:10)
    at Module.load (module.js:488:32)
    at tryModuleLoad (module.js:447:12)
    at Function.Module._load (module.js:439:3)
    at Module.require (module.js:498:17)
    at require (internal/module.js:20:19)
    at Object.<anonymous> (/home/ubuntu/dogeun/bin/www:7:11)
    at Module._compile (module.js:571:32)
    at Object.Module._extensions..js (module.js:580:10)
    at Module.load (module.js:488:32)
Error: Cannot find module './routes/profiles'
    at Function.Module._resolveFilename (module.js:470:15)
    at Function.Module._load (module.js:418:25)
    at Module.require (module.js:498:17)
    at require (internal/module.js:20:19)
    at Object.<anonymous> (/home/ubuntu/dogeun/app.js:11:16)
    at Module._compile (module.js:571:32)
    at Object.Module._extensions..js (module.js:580:10)
    at Module.load (module.js:488:32)
    at tryModuleLoad (module.js:447:12)
    at Function.Module._load (module.js:439:3)
    at Module.require (module.js:498:17)
    at require (internal/module.js:20:19)
    at Object.<anonymous> (/home/ubuntu/dogeun/bin/www:7:11)
    at Module._compile (module.js:571:32)
    at Object.Module._extensions..js (module.js:580:10)
    at Module.load (module.js:488:32)
Error: Cannot find module './routes/profiles'
    at Function.Module._resolveFilename (module.js:470:15)
    at Function.Module._load (module.js:418:25)
    at Module.require (module.js:498:17)
    at require (internal/module.js:20:19)
    at Object.<anonymous> (/home/ubuntu/dogeun/app.js:11:16)
    at Module._compile (module.js:571:32)
    at Object.Module._extensions..js (module.js:580:10)
    at Module.load (module.js:488:32)
    at tryModuleLoad (module.js:447:12)
    at Function.Module._load (module.js:439:3)
    at Module.require (module.js:498:17)
    at require (internal/module.js:20:19)
    at Object.<anonymous> (/home/ubuntu/dogeun/bin/www:7:11)
    at Module._compile (module.js:571:32)
    at Object.Module._extensions..js (module.js:580:10)
    at Module.load (module.js:488:32)
Error: Cannot find module './routes/profiles'
    at Function.Module._resolveFilename (module.js:470:15)
    at Function.Module._load (module.js:418:25)
    at Module.require (module.js:498:17)
    at require (internal/module.js:20:19)
    at Object.<anonymous> (/home/ubuntu/dogeun/app.js:11:16)
    at Module._compile (module.js:571:32)
    at Object.Module._extensions..js (module.js:580:10)
    at Module.load (module.js:488:32)
    at tryModuleLoad (module.js:447:12)
    at Function.Module._load (module.js:439:3)
    at Module.require (module.js:498:17)
    at require (internal/module.js:20:19)
    at Object.<anonymous> (/home/ubuntu/dogeun/bin/www:7:11)
    at Module._compile (module.js:571:32)
    at Object.Module._extensions..js (module.js:580:10)
    at Module.load (module.js:488:32)
Error: Cannot find module './routes/profiles'
    at Function.Module._resolveFilename (module.js:470:15)
    at Function.Module._load (module.js:418:25)
    at Module.require (module.js:498:17)
    at require (internal/module.js:20:19)
    at Object.<anonymous> (/home/ubuntu/dogeun/app.js:11:16)
    at Module._compile (module.js:571:32)
    at Object.Module._extensions..js (module.js:580:10)
    at Module.load (module.js:488:32)
    at tryModuleLoad (module.js:447:12)
    at Function.Module._load (module.js:439:3)
    at Module.require (module.js:498:17)
    at require (internal/module.js:20:19)
    at Object.<anonymous> (/home/ubuntu/dogeun/bin/www:7:11)
    at Module._compile (module.js:571:32)
    at Object.Module._extensions..js (module.js:580:10)
    at Module.load (module.js:488:32)
Error: Cannot find module './routes/profiles'
    at Function.Module._resolveFilename (module.js:470:15)
    at Function.Module._load (module.js:418:25)
    at Module.require (module.js:498:17)
    at require (internal/module.js:20:19)
    at Object.<anonymous> (/home/ubuntu/dogeun/app.js:11:16)
    at Module._compile (module.js:571:32)
    at Object.Module._extensions..js (module.js:580:10)
    at Module.load (module.js:488:32)
    at tryModuleLoad (module.js:447:12)
    at Function.Module._load (module.js:439:3)
    at Module.require (module.js:498:17)
    at require (internal/module.js:20:19)
    at Object.<anonymous> (/home/ubuntu/dogeun/bin/www:7:11)
    at Module._compile (module.js:571:32)
    at Object.Module._extensions..js (module.js:580:10)
    at Module.load (module.js:488:32)
Error: Cannot find module './routes/profiles'
    at Function.Module._resolveFilename (module.js:470:15)
    at Function.Module._load (module.js:418:25)
    at Module.require (module.js:498:17)
    at require (internal/module.js:20:19)
    at Object.<anonymous> (/home/ubuntu/dogeun/app.js:11:16)
    at Module._compile (module.js:571:32)
    at Object.Module._extensions..js (module.js:580:10)
    at Module.load (module.js:488:32)
    at tryModuleLoad (module.js:447:12)
    at Function.Module._load (module.js:439:3)
    at Module.require (module.js:498:17)
    at require (internal/module.js:20:19)
    at Object.<anonymous> (/home/ubuntu/dogeun/bin/www:7:11)
    at Module._compile (module.js:571:32)
    at Object.Module._extensions..js (module.js:580:10)
    at Module.load (module.js:488:32)
Error: Cannot find module './routes/profiles'
    at Function.Module._resolveFilename (module.js:470:15)
    at Function.Module._load (module.js:418:25)
    at Module.require (module.js:498:17)
    at require (internal/module.js:20:19)
    at Object.<anonymous> (/home/ubuntu/dogeun/app.js:11:16)
    at Module._compile (module.js:571:32)
    at Object.Module._extensions..js (module.js:580:10)
    at Module.load (module.js:488:32)
    at tryModuleLoad (module.js:447:12)
    at Function.Module._load (module.js:439:3)
    at Module.require (module.js:498:17)
    at require (internal/module.js:20:19)
    at Object.<anonymous> (/home/ubuntu/dogeun/bin/www:7:11)
    at Module._compile (module.js:571:32)
    at Object.Module._extensions..js (module.js:580:10)
    at Module.load (module.js:488:32)
Error: Cannot find module './routes/profiles'
    at Function.Module._resolveFilename (module.js:470:15)
    at Function.Module._load (module.js:418:25)
    at Module.require (module.js:498:17)
    at require (internal/module.js:20:19)
    at Object.<anonymous> (/home/ubuntu/dogeun/app.js:11:16)
    at Module._compile (module.js:571:32)
    at Object.Module._extensions..js (module.js:580:10)
    at Module.load (module.js:488:32)
    at tryModuleLoad (module.js:447:12)
    at Function.Module._load (module.js:439:3)
    at Module.require (module.js:498:17)
    at require (internal/module.js:20:19)
    at Object.<anonymous> (/home/ubuntu/dogeun/bin/www:7:11)
    at Module._compile (module.js:571:32)
    at Object.Module._extensions..js (module.js:580:10)
    at Module.load (module.js:488:32)
Error: Cannot find module './routes/profiles'
    at Function.Module._resolveFilename (module.js:470:15)
    at Function.Module._load (module.js:418:25)
    at Module.require (module.js:498:17)
    at require (internal/module.js:20:19)
    at Object.<anonymous> (/home/ubuntu/dogeun/app.js:11:16)
    at Module._compile (module.js:571:32)
    at Object.Module._extensions..js (module.js:580:10)
    at Module.load (module.js:488:32)
    at tryModuleLoad (module.js:447:12)
    at Function.Module._load (module.js:439:3)
    at Module.require (module.js:498:17)
    at require (internal/module.js:20:19)
    at Object.<anonymous> (/home/ubuntu/dogeun/bin/www:7:11)
    at Module._compile (module.js:571:32)
    at Object.Module._extensions..js (module.js:580:10)
    at Module.load (module.js:488:32)
Error: Cannot find module './routes/profiles'
    at Function.Module._resolveFilename (module.js:470:15)
    at Function.Module._load (module.js:418:25)
    at Module.require (module.js:498:17)
    at require (internal/module.js:20:19)
    at Object.<anonymous> (/home/ubuntu/dogeun/app.js:11:16)
    at Module._compile (module.js:571:32)
    at Object.Module._extensions..js (module.js:580:10)
    at Module.load (module.js:488:32)
    at tryModuleLoad (module.js:447:12)
    at Function.Module._load (module.js:439:3)
    at Module.require (module.js:498:17)
    at require (internal/module.js:20:19)
    at Object.<anonymous> (/home/ubuntu/dogeun/bin/www:7:11)
    at Module._compile (module.js:571:32)
    at Object.Module._extensions..js (module.js:580:10)
    at Module.load (module.js:488:32)
Error: Cannot find module './routes/profiles'
    at Function.Module._resolveFilename (module.js:470:15)
    at Function.Module._load (module.js:418:25)
    at Module.require (module.js:498:17)
    at require (internal/module.js:20:19)
    at Object.<anonymous> (/home/ubuntu/dogeun/app.js:11:16)
    at Module._compile (module.js:571:32)
    at Object.Module._extensions..js (module.js:580:10)
    at Module.load (module.js:488:32)
    at tryModuleLoad (module.js:447:12)
    at Function.Module._load (module.js:439:3)
    at Module.require (module.js:498:17)
    at require (internal/module.js:20:19)
    at Object.<anonymous> (/home/ubuntu/dogeun/bin/www:7:11)
    at Module._compile (module.js:571:32)
    at Object.Module._extensions..js (module.js:580:10)
    at Module.load (module.js:488:32)
Error: Cannot find module './routes/profiles'
    at Function.Module._resolveFilename (module.js:470:15)
    at Function.Module._load (module.js:418:25)
    at Module.require (module.js:498:17)
    at require (internal/module.js:20:19)
    at Object.<anonymous> (/home/ubuntu/dogeun/app.js:11:16)
    at Module._compile (module.js:571:32)
    at Object.Module._extensions..js (module.js:580:10)
    at Module.load (module.js:488:32)
    at tryModuleLoad (module.js:447:12)
    at Function.Module._load (module.js:439:3)
    at Module.require (module.js:498:17)
    at require (internal/module.js:20:19)
    at Object.<anonymous> (/home/ubuntu/dogeun/bin/www:7:11)
    at Module._compile (module.js:571:32)
    at Object.Module._extensions..js (module.js:580:10)
    at Module.load (module.js:488:32)
Error: Cannot find module './routes/profiles'
    at Function.Module._resolveFilename (module.js:470:15)
    at Function.Module._load (module.js:418:25)
    at Module.require (module.js:498:17)
    at require (internal/module.js:20:19)
    at Object.<anonymous> (/home/ubuntu/dogeun/app.js:11:16)
    at Module._compile (module.js:571:32)
    at Object.Module._extensions..js (module.js:580:10)
    at Module.load (module.js:488:32)
    at tryModuleLoad (module.js:447:12)
    at Function.Module._load (module.js:439:3)
    at Module.require (module.js:498:17)
    at require (internal/module.js:20:19)
    at Object.<anonymous> (/home/ubuntu/dogeun/bin/www:7:11)
    at Module._compile (module.js:571:32)
    at Object.Module._extensions..js (module.js:580:10)
    at Module.load (module.js:488:32)
Error: Cannot find module './routes/profiles'
    at Function.Module._resolveFilename (module.js:470:15)
    at Function.Module._load (module.js:418:25)
    at Module.require (module.js:498:17)
    at require (internal/module.js:20:19)
    at Object.<anonymous> (/home/ubuntu/dogeun/app.js:11:16)
    at Module._compile (module.js:571:32)
    at Object.Module._extensions..js (module.js:580:10)
    at Module.load (module.js:488:32)
    at tryModuleLoad (module.js:447:12)
    at Function.Module._load (module.js:439:3)
    at Module.require (module.js:498:17)
    at require (internal/module.js:20:19)
    at Object.<anonymous> (/home/ubuntu/dogeun/bin/www:7:11)
    at Module._compile (module.js:571:32)
    at Object.Module._extensions..js (module.js:580:10)
    at Module.load (module.js:488:32)
Error: Cannot find module './routes/profiles'
    at Function.Module._resolveFilename (module.js:470:15)
    at Function.Module._load (module.js:418:25)
    at Module.require (module.js:498:17)
    at require (internal/module.js:20:19)
    at Object.<anonymous> (/home/ubuntu/dogeun/app.js:11:16)
    at Module._compile (module.js:571:32)
    at Object.Module._extensions..js (module.js:580:10)
    at Module.load (module.js:488:32)
    at tryModuleLoad (module.js:447:12)
    at Function.Module._load (module.js:439:3)
    at Module.require (module.js:498:17)
    at require (internal/module.js:20:19)
    at Object.<anonymous> (/home/ubuntu/dogeun/bin/www:7:11)
    at Module._compile (module.js:571:32)
    at Object.Module._extensions..js (module.js:580:10)
    at Module.load (module.js:488:32)
Error: Cannot find module './routes/profiles'
    at Function.Module._resolveFilename (module.js:470:15)
    at Function.Module._load (module.js:418:25)
    at Module.require (module.js:498:17)
    at require (internal/module.js:20:19)
    at Object.<anonymous> (/home/ubuntu/dogeun/app.js:11:16)
    at Module._compile (module.js:571:32)
    at Object.Module._extensions..js (module.js:580:10)
    at Module.load (module.js:488:32)
    at tryModuleLoad (module.js:447:12)
    at Function.Module._load (module.js:439:3)
    at Module.require (module.js:498:17)
    at require (internal/module.js:20:19)
    at Object.<anonymous> (/home/ubuntu/dogeun/bin/www:7:11)
    at Module._compile (module.js:571:32)
    at Object.Module._extensions..js (module.js:580:10)
    at Module.load (module.js:488:32)
Error: Cannot find module './routes/profiles'
    at Function.Module._resolveFilename (module.js:470:15)
    at Function.Module._load (module.js:418:25)
    at Module.require (module.js:498:17)
    at require (internal/module.js:20:19)
    at Object.<anonymous> (/home/ubuntu/dogeun/app.js:11:16)
    at Module._compile (module.js:571:32)
    at Object.Module._extensions..js (module.js:580:10)
    at Module.load (module.js:488:32)
    at tryModuleLoad (module.js:447:12)
    at Function.Module._load (module.js:439:3)
    at Module.require (module.js:498:17)
    at require (internal/module.js:20:19)
    at Object.<anonymous> (/home/ubuntu/dogeun/bin/www:7:11)
    at Module._compile (module.js:571:32)
    at Object.Module._extensions..js (module.js:580:10)
    at Module.load (module.js:488:32)
Error: Cannot find module './routes/profiles'
    at Function.Module._resolveFilename (module.js:470:15)
    at Function.Module._load (module.js:418:25)
    at Module.require (module.js:498:17)
    at require (internal/module.js:20:19)
    at Object.<anonymous> (/home/ubuntu/dogeun/app.js:11:16)
    at Module._compile (module.js:571:32)
    at Object.Module._extensions..js (module.js:580:10)
    at Module.load (module.js:488:32)
    at tryModuleLoad (module.js:447:12)
    at Function.Module._load (module.js:439:3)
    at Module.require (module.js:498:17)
    at require (internal/module.js:20:19)
    at Object.<anonymous> (/home/ubuntu/dogeun/bin/www:7:11)
    at Module._compile (module.js:571:32)
    at Object.Module._extensions..js (module.js:580:10)
    at Module.load (module.js:488:32)
Error: Cannot find module './routes/profiles'
    at Function.Module._resolveFilename (module.js:470:15)
    at Function.Module._load (module.js:418:25)
    at Module.require (module.js:498:17)
    at require (internal/module.js:20:19)
    at Object.<anonymous> (/home/ubuntu/dogeun/app.js:11:16)
    at Module._compile (module.js:571:32)
    at Object.Module._extensions..js (module.js:580:10)
    at Module.load (module.js:488:32)
    at tryModuleLoad (module.js:447:12)
    at Function.Module._load (module.js:439:3)
    at Module.require (module.js:498:17)
    at require (internal/module.js:20:19)
    at Object.<anonymous> (/home/ubuntu/dogeun/bin/www:7:11)
    at Module._compile (module.js:571:32)
    at Object.Module._extensions..js (module.js:580:10)
    at Module.load (module.js:488:32)
Error: Cannot find module './routes/profiles'
    at Function.Module._resolveFilename (module.js:470:15)
    at Function.Module._load (module.js:418:25)
    at Module.require (module.js:498:17)
    at require (internal/module.js:20:19)
    at Object.<anonymous> (/home/ubuntu/dogeun/app.js:11:16)
    at Module._compile (module.js:571:32)
    at Object.Module._extensions..js (module.js:580:10)
    at Module.load (module.js:488:32)
    at tryModuleLoad (module.js:447:12)
    at Function.Module._load (module.js:439:3)
    at Module.require (module.js:498:17)
    at require (internal/module.js:20:19)
    at Object.<anonymous> (/home/ubuntu/dogeun/bin/www:7:11)
    at Module._compile (module.js:571:32)
    at Object.Module._extensions..js (module.js:580:10)
    at Module.load (module.js:488:32)
Error: Cannot find module './routes/profiles'
    at Function.Module._resolveFilename (module.js:470:15)
    at Function.Module._load (module.js:418:25)
    at Module.require (module.js:498:17)
    at require (internal/module.js:20:19)
    at Object.<anonymous> (/home/ubuntu/dogeun/app.js:11:16)
    at Module._compile (module.js:571:32)
    at Object.Module._extensions..js (module.js:580:10)
    at Module.load (module.js:488:32)
    at tryModuleLoad (module.js:447:12)
    at Function.Module._load (module.js:439:3)
    at Module.require (module.js:498:17)
    at require (internal/module.js:20:19)
    at Object.<anonymous> (/home/ubuntu/dogeun/bin/www:7:11)
    at Module._compile (module.js:571:32)
    at Object.Module._extensions..js (module.js:580:10)
    at Module.load (module.js:488:32)
Error: Cannot find module './routes/profiles'
    at Function.Module._resolveFilename (module.js:470:15)
    at Function.Module._load (module.js:418:25)
    at Module.require (module.js:498:17)
    at require (internal/module.js:20:19)
    at Object.<anonymous> (/home/ubuntu/dogeun/app.js:11:16)
    at Module._compile (module.js:571:32)
    at Object.Module._extensions..js (module.js:580:10)
    at Module.load (module.js:488:32)
    at tryModuleLoad (module.js:447:12)
    at Function.Module._load (module.js:439:3)
    at Module.require (module.js:498:17)
    at require (internal/module.js:20:19)
    at Object.<anonymous> (/home/ubuntu/dogeun/bin/www:7:11)
    at Module._compile (module.js:571:32)
    at Object.Module._extensions..js (module.js:580:10)
    at Module.load (module.js:488:32)
Error: Cannot find module './routes/profiles'
    at Function.Module._resolveFilename (module.js:470:15)
    at Function.Module._load (module.js:418:25)
    at Module.require (module.js:498:17)
    at require (internal/module.js:20:19)
    at Object.<anonymous> (/home/ubuntu/dogeun/app.js:11:16)
    at Module._compile (module.js:571:32)
    at Object.Module._extensions..js (module.js:580:10)
    at Module.load (module.js:488:32)
    at tryModuleLoad (module.js:447:12)
    at Function.Module._load (module.js:439:3)
    at Module.require (module.js:498:17)
    at require (internal/module.js:20:19)
    at Object.<anonymous> (/home/ubuntu/dogeun/bin/www:7:11)
    at Module._compile (module.js:571:32)
    at Object.Module._extensions..js (module.js:580:10)
    at Module.load (module.js:488:32)
Error: Cannot find module './routes/profiles'
    at Function.Module._resolveFilename (module.js:470:15)
    at Function.Module._load (module.js:418:25)
    at Module.require (module.js:498:17)
    at require (internal/module.js:20:19)
    at Object.<anonymous> (/home/ubuntu/dogeun/app.js:11:16)
    at Module._compile (module.js:571:32)
    at Object.Module._extensions..js (module.js:580:10)
    at Module.load (module.js:488:32)
    at tryModuleLoad (module.js:447:12)
    at Function.Module._load (module.js:439:3)
    at Module.require (module.js:498:17)
    at require (internal/module.js:20:19)
    at Object.<anonymous> (/home/ubuntu/dogeun/bin/www:7:11)
    at Module._compile (module.js:571:32)
    at Object.Module._extensions..js (module.js:580:10)
    at Module.load (module.js:488:32)
Error: Cannot find module './routes/profiles'
    at Function.Module._resolveFilename (module.js:470:15)
    at Function.Module._load (module.js:418:25)
    at Module.require (module.js:498:17)
    at require (internal/module.js:20:19)
    at Object.<anonymous> (/home/ubuntu/dogeun/app.js:11:16)
    at Module._compile (module.js:571:32)
    at Object.Module._extensions..js (module.js:580:10)
    at Module.load (module.js:488:32)
    at tryModuleLoad (module.js:447:12)
    at Function.Module._load (module.js:439:3)
    at Module.require (module.js:498:17)
    at require (internal/module.js:20:19)
    at Object.<anonymous> (/home/ubuntu/dogeun/bin/www:7:11)
    at Module._compile (module.js:571:32)
    at Object.Module._extensions..js (module.js:580:10)
    at Module.load (module.js:488:32)
Error: Cannot find module './routes/profiles'
    at Function.Module._resolveFilename (module.js:470:15)
    at Function.Module._load (module.js:418:25)
    at Module.require (module.js:498:17)
    at require (internal/module.js:20:19)
    at Object.<anonymous> (/home/ubuntu/dogeun/app.js:11:16)
    at Module._compile (module.js:571:32)
    at Object.Module._extensions..js (module.js:580:10)
    at Module.load (module.js:488:32)
    at tryModuleLoad (module.js:447:12)
    at Function.Module._load (module.js:439:3)
    at Module.require (module.js:498:17)
    at require (internal/module.js:20:19)
    at Object.<anonymous> (/home/ubuntu/dogeun/bin/www:7:11)
    at Module._compile (module.js:571:32)
    at Object.Module._extensions..js (module.js:580:10)
    at Module.load (module.js:488:32)
Error: Cannot find module './routes/profiles'
    at Function.Module._resolveFilename (module.js:470:15)
    at Function.Module._load (module.js:418:25)
    at Module.require (module.js:498:17)
    at require (internal/module.js:20:19)
    at Object.<anonymous> (/home/ubuntu/dogeun/app.js:11:16)
    at Module._compile (module.js:571:32)
    at Object.Module._extensions..js (module.js:580:10)
    at Module.load (module.js:488:32)
    at tryModuleLoad (module.js:447:12)
    at Function.Module._load (module.js:439:3)
    at Module.require (module.js:498:17)
    at require (internal/module.js:20:19)
    at Object.<anonymous> (/home/ubuntu/dogeun/bin/www:7:11)
    at Module._compile (module.js:571:32)
    at Object.Module._extensions..js (module.js:580:10)
    at Module.load (module.js:488:32)
Error: Cannot find module './routes/profiles'
    at Function.Module._resolveFilename (module.js:470:15)
    at Function.Module._load (module.js:418:25)
    at Module.require (module.js:498:17)
    at require (internal/module.js:20:19)
    at Object.<anonymous> (/home/ubuntu/dogeun/app.js:11:16)
    at Module._compile (module.js:571:32)
    at Object.Module._extensions..js (module.js:580:10)
    at Module.load (module.js:488:32)
    at tryModuleLoad (module.js:447:12)
    at Function.Module._load (module.js:439:3)
    at Module.require (module.js:498:17)
    at require (internal/module.js:20:19)
    at Object.<anonymous> (/home/ubuntu/dogeun/bin/www:7:11)
    at Module._compile (module.js:571:32)
    at Object.Module._extensions..js (module.js:580:10)
    at Module.load (module.js:488:32)
Error: Cannot find module './routes/profiles'
    at Function.Module._resolveFilename (module.js:470:15)
    at Function.Module._load (module.js:418:25)
    at Module.require (module.js:498:17)
    at require (internal/module.js:20:19)
    at Object.<anonymous> (/home/ubuntu/dogeun/app.js:11:16)
    at Module._compile (module.js:571:32)
    at Object.Module._extensions..js (module.js:580:10)
    at Module.load (module.js:488:32)
    at tryModuleLoad (module.js:447:12)
    at Function.Module._load (module.js:439:3)
    at Module.require (module.js:498:17)
    at require (internal/module.js:20:19)
    at Object.<anonymous> (/home/ubuntu/dogeun/bin/www:7:11)
    at Module._compile (module.js:571:32)
    at Object.Module._extensions..js (module.js:580:10)
    at Module.load (module.js:488:32)
Error: Cannot find module './routes/profiles'
    at Function.Module._resolveFilename (module.js:470:15)
    at Function.Module._load (module.js:418:25)
    at Module.require (module.js:498:17)
    at require (internal/module.js:20:19)
    at Object.<anonymous> (/home/ubuntu/dogeun/app.js:11:16)
    at Module._compile (module.js:571:32)
    at Object.Module._extensions..js (module.js:580:10)
    at Module.load (module.js:488:32)
    at tryModuleLoad (module.js:447:12)
    at Function.Module._load (module.js:439:3)
    at Module.require (module.js:498:17)
    at require (internal/module.js:20:19)
    at Object.<anonymous> (/home/ubuntu/dogeun/bin/www:7:11)
    at Module._compile (module.js:571:32)
    at Object.Module._extensions..js (module.js:580:10)
    at Module.load (module.js:488:32)
Error: Cannot find module './routes/profiles'
    at Function.Module._resolveFilename (module.js:470:15)
    at Function.Module._load (module.js:418:25)
    at Module.require (module.js:498:17)
    at require (internal/module.js:20:19)
    at Object.<anonymous> (/home/ubuntu/dogeun/app.js:11:16)
    at Module._compile (module.js:571:32)
    at Object.Module._extensions..js (module.js:580:10)
    at Module.load (module.js:488:32)
    at tryModuleLoad (module.js:447:12)
    at Function.Module._load (module.js:439:3)
    at Module.require (module.js:498:17)
    at require (internal/module.js:20:19)
    at Object.<anonymous> (/home/ubuntu/dogeun/bin/www:7:11)
    at Module._compile (module.js:571:32)
    at Object.Module._extensions..js (module.js:580:10)
    at Module.load (module.js:488:32)
Error: Cannot find module './routes/profiles'
    at Function.Module._resolveFilename (module.js:470:15)
    at Function.Module._load (module.js:418:25)
    at Module.require (module.js:498:17)
    at require (internal/module.js:20:19)
    at Object.<anonymous> (/home/ubuntu/dogeun/app.js:11:16)
    at Module._compile (module.js:571:32)
    at Object.Module._extensions..js (module.js:580:10)
    at Module.load (module.js:488:32)
    at tryModuleLoad (module.js:447:12)
    at Function.Module._load (module.js:439:3)
    at Module.require (module.js:498:17)
    at require (internal/module.js:20:19)
    at Object.<anonymous> (/home/ubuntu/dogeun/bin/www:7:11)
    at Module._compile (module.js:571:32)
    at Object.Module._extensions..js (module.js:580:10)
    at Module.load (module.js:488:32)
Error: Cannot find module './routes/profiles'
    at Function.Module._resolveFilename (module.js:470:15)
    at Function.Module._load (module.js:418:25)
    at Module.require (module.js:498:17)
    at require (internal/module.js:20:19)
    at Object.<anonymous> (/home/ubuntu/dogeun/app.js:11:16)
    at Module._compile (module.js:571:32)
    at Object.Module._extensions..js (module.js:580:10)
    at Module.load (module.js:488:32)
    at tryModuleLoad (module.js:447:12)
    at Function.Module._load (module.js:439:3)
    at Module.require (module.js:498:17)
    at require (internal/module.js:20:19)
    at Object.<anonymous> (/home/ubuntu/dogeun/bin/www:7:11)
    at Module._compile (module.js:571:32)
    at Object.Module._extensions..js (module.js:580:10)
    at Module.load (module.js:488:32)
Error: Cannot find module './routes/profiles'
    at Function.Module._resolveFilename (module.js:470:15)
    at Function.Module._load (module.js:418:25)
    at Module.require (module.js:498:17)
    at require (internal/module.js:20:19)
    at Object.<anonymous> (/home/ubuntu/dogeun/app.js:11:16)
    at Module._compile (module.js:571:32)
    at Object.Module._extensions..js (module.js:580:10)
    at Module.load (module.js:488:32)
    at tryModuleLoad (module.js:447:12)
    at Function.Module._load (module.js:439:3)
    at Module.require (module.js:498:17)
    at require (internal/module.js:20:19)
    at Object.<anonymous> (/home/ubuntu/dogeun/bin/www:7:11)
    at Module._compile (module.js:571:32)
    at Object.Module._extensions..js (module.js:580:10)
    at Module.load (module.js:488:32)
Error: Cannot find module './routes/profiles'
    at Function.Module._resolveFilename (module.js:470:15)
    at Function.Module._load (module.js:418:25)
    at Module.require (module.js:498:17)
    at require (internal/module.js:20:19)
    at Object.<anonymous> (/home/ubuntu/dogeun/app.js:11:16)
    at Module._compile (module.js:571:32)
    at Object.Module._extensions..js (module.js:580:10)
    at Module.load (module.js:488:32)
    at tryModuleLoad (module.js:447:12)
    at Function.Module._load (module.js:439:3)
    at Module.require (module.js:498:17)
    at require (internal/module.js:20:19)
    at Object.<anonymous> (/home/ubuntu/dogeun/bin/www:7:11)
    at Module._compile (module.js:571:32)
    at Object.Module._extensions..js (module.js:580:10)
    at Module.load (module.js:488:32)
Error: Cannot find module './routes/profiles'
    at Function.Module._resolveFilename (module.js:470:15)
    at Function.Module._load (module.js:418:25)
    at Module.require (module.js:498:17)
    at require (internal/module.js:20:19)
    at Object.<anonymous> (/home/ubuntu/dogeun/app.js:11:16)
    at Module._compile (module.js:571:32)
    at Object.Module._extensions..js (module.js:580:10)
    at Module.load (module.js:488:32)
    at tryModuleLoad (module.js:447:12)
    at Function.Module._load (module.js:439:3)
    at Module.require (module.js:498:17)
    at require (internal/module.js:20:19)
    at Object.<anonymous> (/home/ubuntu/dogeun/bin/www:7:11)
    at Module._compile (module.js:571:32)
    at Object.Module._extensions..js (module.js:580:10)
    at Module.load (module.js:488:32)
Error: Cannot find module './routes/profiles'
    at Function.Module._resolveFilename (module.js:470:15)
    at Function.Module._load (module.js:418:25)
    at Module.require (module.js:498:17)
    at require (internal/module.js:20:19)
    at Object.<anonymous> (/home/ubuntu/dogeun/app.js:11:16)
    at Module._compile (module.js:571:32)
    at Object.Module._extensions..js (module.js:580:10)
    at Module.load (module.js:488:32)
    at tryModuleLoad (module.js:447:12)
    at Function.Module._load (module.js:439:3)
    at Module.require (module.js:498:17)
    at require (internal/module.js:20:19)
    at Object.<anonymous> (/home/ubuntu/dogeun/bin/www:7:11)
    at Module._compile (module.js:571:32)
    at Object.Module._extensions..js (module.js:580:10)
    at Module.load (module.js:488:32)
Error: Cannot find module './routes/profiles'
    at Function.Module._resolveFilename (module.js:470:15)
    at Function.Module._load (module.js:418:25)
    at Module.require (module.js:498:17)
    at require (internal/module.js:20:19)
    at Object.<anonymous> (/home/ubuntu/dogeun/app.js:11:16)
    at Module._compile (module.js:571:32)
    at Object.Module._extensions..js (module.js:580:10)
    at Module.load (module.js:488:32)
    at tryModuleLoad (module.js:447:12)
    at Function.Module._load (module.js:439:3)
    at Module.require (module.js:498:17)
    at require (internal/module.js:20:19)
    at Object.<anonymous> (/home/ubuntu/dogeun/bin/www:7:11)
    at Module._compile (module.js:571:32)
    at Object.Module._extensions..js (module.js:580:10)
    at Module.load (module.js:488:32)
Error: Cannot find module './routes/profiles'
    at Function.Module._resolveFilename (module.js:470:15)
    at Function.Module._load (module.js:418:25)
    at Module.require (module.js:498:17)
    at require (internal/module.js:20:19)
    at Object.<anonymous> (/home/ubuntu/dogeun/app.js:11:16)
    at Module._compile (module.js:571:32)
    at Object.Module._extensions..js (module.js:580:10)
    at Module.load (module.js:488:32)
    at tryModuleLoad (module.js:447:12)
    at Function.Module._load (module.js:439:3)
    at Module.require (module.js:498:17)
    at require (internal/module.js:20:19)
    at Object.<anonymous> (/home/ubuntu/dogeun/bin/www:7:11)
    at Module._compile (module.js:571:32)
    at Object.Module._extensions..js (module.js:580:10)
    at Module.load (module.js:488:32)
Error: Cannot find module './routes/profiles'
    at Function.Module._resolveFilename (module.js:470:15)
    at Function.Module._load (module.js:418:25)
    at Module.require (module.js:498:17)
    at require (internal/module.js:20:19)
    at Object.<anonymous> (/home/ubuntu/dogeun/app.js:11:16)
    at Module._compile (module.js:571:32)
    at Object.Module._extensions..js (module.js:580:10)
    at Module.load (module.js:488:32)
    at tryModuleLoad (module.js:447:12)
    at Function.Module._load (module.js:439:3)
    at Module.require (module.js:498:17)
    at require (internal/module.js:20:19)
    at Object.<anonymous> (/home/ubuntu/dogeun/bin/www:7:11)
    at Module._compile (module.js:571:32)
    at Object.Module._extensions..js (module.js:580:10)
    at Module.load (module.js:488:32)
Error: Cannot find module './routes/profiles'
    at Function.Module._resolveFilename (module.js:470:15)
    at Function.Module._load (module.js:418:25)
    at Module.require (module.js:498:17)
    at require (internal/module.js:20:19)
    at Object.<anonymous> (/home/ubuntu/dogeun/app.js:11:16)
    at Module._compile (module.js:571:32)
    at Object.Module._extensions..js (module.js:580:10)
    at Module.load (module.js:488:32)
    at tryModuleLoad (module.js:447:12)
    at Function.Module._load (module.js:439:3)
    at Module.require (module.js:498:17)
    at require (internal/module.js:20:19)
    at Object.<anonymous> (/home/ubuntu/dogeun/bin/www:7:11)
    at Module._compile (module.js:571:32)
    at Object.Module._extensions..js (module.js:580:10)
    at Module.load (module.js:488:32)
Error: Cannot find module './routes/profiles'
    at Function.Module._resolveFilename (module.js:470:15)
    at Function.Module._load (module.js:418:25)
    at Module.require (module.js:498:17)
    at require (internal/module.js:20:19)
    at Object.<anonymous> (/home/ubuntu/dogeun/app.js:11:16)
    at Module._compile (module.js:571:32)
    at Object.Module._extensions..js (module.js:580:10)
    at Module.load (module.js:488:32)
    at tryModuleLoad (module.js:447:12)
    at Function.Module._load (module.js:439:3)
    at Module.require (module.js:498:17)
    at require (internal/module.js:20:19)
    at Object.<anonymous> (/home/ubuntu/dogeun/bin/www:7:11)
    at Module._compile (module.js:571:32)
    at Object.Module._extensions..js (module.js:580:10)
    at Module.load (module.js:488:32)
Error: Cannot find module './routes/profiles'
    at Function.Module._resolveFilename (module.js:470:15)
    at Function.Module._load (module.js:418:25)
    at Module.require (module.js:498:17)
    at require (internal/module.js:20:19)
    at Object.<anonymous> (/home/ubuntu/dogeun/app.js:11:16)
    at Module._compile (module.js:571:32)
    at Object.Module._extensions..js (module.js:580:10)
    at Module.load (module.js:488:32)
    at tryModuleLoad (module.js:447:12)
    at Function.Module._load (module.js:439:3)
    at Module.require (module.js:498:17)
    at require (internal/module.js:20:19)
    at Object.<anonymous> (/home/ubuntu/dogeun/bin/www:7:11)
    at Module._compile (module.js:571:32)
    at Object.Module._extensions..js (module.js:580:10)
    at Module.load (module.js:488:32)
Error: Cannot find module './routes/profiles'
    at Function.Module._resolveFilename (module.js:470:15)
    at Function.Module._load (module.js:418:25)
    at Module.require (module.js:498:17)
    at require (internal/module.js:20:19)
    at Object.<anonymous> (/home/ubuntu/dogeun/app.js:11:16)
    at Module._compile (module.js:571:32)
    at Object.Module._extensions..js (module.js:580:10)
    at Module.load (module.js:488:32)
    at tryModuleLoad (module.js:447:12)
    at Function.Module._load (module.js:439:3)
    at Module.require (module.js:498:17)
    at require (internal/module.js:20:19)
    at Object.<anonymous> (/home/ubuntu/dogeun/bin/www:7:11)
    at Module._compile (module.js:571:32)
    at Object.Module._extensions..js (module.js:580:10)
    at Module.load (module.js:488:32)
Error: Cannot find module './routes/profiles'
    at Function.Module._resolveFilename (module.js:470:15)
    at Function.Module._load (module.js:418:25)
    at Module.require (module.js:498:17)
    at require (internal/module.js:20:19)
    at Object.<anonymous> (/home/ubuntu/dogeun/app.js:11:16)
    at Module._compile (module.js:571:32)
    at Object.Module._extensions..js (module.js:580:10)
    at Module.load (module.js:488:32)
    at tryModuleLoad (module.js:447:12)
    at Function.Module._load (module.js:439:3)
    at Module.require (module.js:498:17)
    at require (internal/module.js:20:19)
    at Object.<anonymous> (/home/ubuntu/dogeun/bin/www:7:11)
    at Module._compile (module.js:571:32)
    at Object.Module._extensions..js (module.js:580:10)
    at Module.load (module.js:488:32)
Error: Cannot find module './routes/profiles'
    at Function.Module._resolveFilename (module.js:470:15)
    at Function.Module._load (module.js:418:25)
    at Module.require (module.js:498:17)
    at require (internal/module.js:20:19)
    at Object.<anonymous> (/home/ubuntu/dogeun/app.js:11:16)
    at Module._compile (module.js:571:32)
    at Object.Module._extensions..js (module.js:580:10)
    at Module.load (module.js:488:32)
    at tryModuleLoad (module.js:447:12)
    at Function.Module._load (module.js:439:3)
    at Module.require (module.js:498:17)
    at require (internal/module.js:20:19)
    at Object.<anonymous> (/home/ubuntu/dogeun/bin/www:7:11)
    at Module._compile (module.js:571:32)
    at Object.Module._extensions..js (module.js:580:10)
    at Module.load (module.js:488:32)
You have triggered an unhandledRejection, you may have forgotten to catch a Promise rejection:
Error: identify: unable to open image `thumbnail/thumbnail_1496214373039.jpg': No such file or directory @ error/blob.c/OpenBlob/2712.

    at /home/ubuntu/node_modules/easyimage/easyimage.js:85:20
    at ChildProcess.exithandler (child_process.js:212:5)
    at emitTwo (events.js:106:13)
    at ChildProcess.emit (events.js:194:7)
    at maybeClose (internal/child_process.js:899:16)
    at Socket.<anonymous> (internal/child_process.js:342:11)
    at emitOne (events.js:96:13)
    at Socket.emit (events.js:191:7)
    at Pipe._handle.close [as _onclose] (net.js:511:12)
You have triggered an unhandledRejection, you may have forgotten to catch a Promise rejection:
Error: identify: no decode delegate for this image format `' @ error/constitute.c/ReadImage/501.

    at /home/ubuntu/node_modules/easyimage/easyimage.js:85:20
    at ChildProcess.exithandler (child_process.js:212:5)
    at emitTwo (events.js:106:13)
    at ChildProcess.emit (events.js:194:7)
    at maybeClose (internal/child_process.js:899:16)
    at Socket.<anonymous> (internal/child_process.js:342:11)
    at emitOne (events.js:96:13)
    at Socket.emit (events.js:191:7)
    at Pipe._handle.close [as _onclose] (net.js:511:12)
You have triggered an unhandledRejection, you may have forgotten to catch a Promise rejection:
Error: identify: unable to open image `thumbnail/thumbnail_1496214974439.jpg': No such file or directory @ error/blob.c/OpenBlob/2712.

    at /home/ubuntu/node_modules/easyimage/easyimage.js:85:20
    at ChildProcess.exithandler (child_process.js:212:5)
    at emitTwo (events.js:106:13)
    at ChildProcess.emit (events.js:194:7)
    at maybeClose (internal/child_process.js:899:16)
    at Socket.<anonymous> (internal/child_process.js:342:11)
    at emitOne (events.js:96:13)
    at Socket.emit (events.js:191:7)
    at Pipe._handle.close [as _onclose] (net.js:511:12)
You have triggered an unhandledRejection, you may have forgotten to catch a Promise rejection:
Error: identify: unable to open image `../thumbnail/thumbnail_1496215276561.jpg': No such file or directory @ error/blob.c/OpenBlob/2712.

    at /home/ubuntu/node_modules/easyimage/easyimage.js:85:20
    at ChildProcess.exithandler (child_process.js:212:5)
    at emitTwo (events.js:106:13)
    at ChildProcess.emit (events.js:194:7)
    at maybeClose (internal/child_process.js:899:16)
    at Process.ChildProcess._handle.onexit (internal/child_process.js:226:5)
You have triggered an unhandledRejection, you may have forgotten to catch a Promise rejection:
Error: identify: unable to open image `thumbnail/thumbnail_1496215370222.jpg': No such file or directory @ error/blob.c/OpenBlob/2712.

    at /home/ubuntu/node_modules/easyimage/easyimage.js:85:20
    at ChildProcess.exithandler (child_process.js:212:5)
    at emitTwo (events.js:106:13)
    at ChildProcess.emit (events.js:194:7)
    at maybeClose (internal/child_process.js:899:16)
    at Socket.<anonymous> (internal/child_process.js:342:11)
    at emitOne (events.js:96:13)
    at Socket.emit (events.js:191:7)
    at Pipe._handle.close [as _onclose] (net.js:511:12)
You have triggered an unhandledRejection, you may have forgotten to catch a Promise rejection:
Error: identify: unable to open image `thumbnail/thumbnail_1496216346099.jpg': No such file or directory @ error/blob.c/OpenBlob/2712.

    at /home/ubuntu/node_modules/easyimage/easyimage.js:85:20
    at ChildProcess.exithandler (child_process.js:212:5)
    at emitTwo (events.js:106:13)
    at ChildProcess.emit (events.js:194:7)
    at maybeClose (internal/child_process.js:899:16)
    at Process.ChildProcess._handle.onexit (internal/child_process.js:226:5)
Error: ENOENT: no such file or directory, open '../key.pem'
    at Object.fs.openSync (fs.js:584:18)
    at Object.fs.readFileSync (fs.js:491:33)
    at Object.<anonymous> (/home/ubuntu/dogeun/bin/www:13:10)
    at Module._compile (module.js:571:32)
    at Object.Module._extensions..js (module.js:580:10)
    at Module.load (module.js:488:32)
    at tryModuleLoad (module.js:447:12)
    at Function.Module._load (module.js:439:3)
    at Object.<anonymous> (/usr/lib/node_modules/pm2/lib/ProcessContainerFork.js:53:21)
    at Module._compile (module.js:571:32)
    at Object.Module._extensions..js (module.js:580:10)
    at Module.load (module.js:488:32)
    at tryModuleLoad (module.js:447:12)
    at Function.Module._load (module.js:439:3)
    at Module.runMain (module.js:605:10)
    at run (bootstrap_node.js:427:7)
Error: ENOENT: no such file or directory, open '../key.pem'
    at Object.fs.openSync (fs.js:584:18)
    at Object.fs.readFileSync (fs.js:491:33)
    at Object.<anonymous> (/home/ubuntu/dogeun/bin/www:13:10)
    at Module._compile (module.js:571:32)
    at Object.Module._extensions..js (module.js:580:10)
    at Module.load (module.js:488:32)
    at tryModuleLoad (module.js:447:12)
    at Function.Module._load (module.js:439:3)
    at Object.<anonymous> (/usr/lib/node_modules/pm2/lib/ProcessContainerFork.js:53:21)
    at Module._compile (module.js:571:32)
    at Object.Module._extensions..js (module.js:580:10)
    at Module.load (module.js:488:32)
    at tryModuleLoad (module.js:447:12)
    at Function.Module._load (module.js:439:3)
    at Module.runMain (module.js:605:10)
    at run (bootstrap_node.js:427:7)
Error: ENOENT: no such file or directory, open '../key.pem'
    at Object.fs.openSync (fs.js:584:18)
    at Object.fs.readFileSync (fs.js:491:33)
    at Object.<anonymous> (/home/ubuntu/dogeun/bin/www:13:10)
    at Module._compile (module.js:571:32)
    at Object.Module._extensions..js (module.js:580:10)
    at Module.load (module.js:488:32)
    at tryModuleLoad (module.js:447:12)
    at Function.Module._load (module.js:439:3)
    at Object.<anonymous> (/usr/lib/node_modules/pm2/lib/ProcessContainerFork.js:53:21)
    at Module._compile (module.js:571:32)
    at Object.Module._extensions..js (module.js:580:10)
    at Module.load (module.js:488:32)
    at tryModuleLoad (module.js:447:12)
    at Function.Module._load (module.js:439:3)
    at Module.runMain (module.js:605:10)
    at run (bootstrap_node.js:427:7)
Error: ENOENT: no such file or directory, open '../key.pem'
    at Object.fs.openSync (fs.js:584:18)
    at Object.fs.readFileSync (fs.js:491:33)
    at Object.<anonymous> (/home/ubuntu/dogeun/bin/www:13:10)
    at Module._compile (module.js:571:32)
    at Object.Module._extensions..js (module.js:580:10)
    at Module.load (module.js:488:32)
    at tryModuleLoad (module.js:447:12)
    at Function.Module._load (module.js:439:3)
    at Object.<anonymous> (/usr/lib/node_modules/pm2/lib/ProcessContainerFork.js:53:21)
    at Module._compile (module.js:571:32)
    at Object.Module._extensions..js (module.js:580:10)
    at Module.load (module.js:488:32)
    at tryModuleLoad (module.js:447:12)
    at Function.Module._load (module.js:439:3)
    at Module.runMain (module.js:605:10)
    at run (bootstrap_node.js:427:7)
Error: ENOENT: no such file or directory, open '../key.pem'
    at Object.fs.openSync (fs.js:584:18)
    at Object.fs.readFileSync (fs.js:491:33)
    at Object.<anonymous> (/home/ubuntu/dogeun/bin/www:13:10)
    at Module._compile (module.js:571:32)
    at Object.Module._extensions..js (module.js:580:10)
    at Module.load (module.js:488:32)
    at tryModuleLoad (module.js:447:12)
    at Function.Module._load (module.js:439:3)
    at Object.<anonymous> (/usr/lib/node_modules/pm2/lib/ProcessContainerFork.js:53:21)
    at Module._compile (module.js:571:32)
    at Object.Module._extensions..js (module.js:580:10)
    at Module.load (module.js:488:32)
    at tryModuleLoad (module.js:447:12)
    at Function.Module._load (module.js:439:3)
    at Module.runMain (module.js:605:10)
    at run (bootstrap_node.js:427:7)
Error: ENOENT: no such file or directory, open '../key.pem'
    at Object.fs.openSync (fs.js:584:18)
    at Object.fs.readFileSync (fs.js:491:33)
    at Object.<anonymous> (/home/ubuntu/dogeun/bin/www:13:10)
    at Module._compile (module.js:571:32)
    at Object.Module._extensions..js (module.js:580:10)
    at Module.load (module.js:488:32)
    at tryModuleLoad (module.js:447:12)
    at Function.Module._load (module.js:439:3)
    at Object.<anonymous> (/usr/lib/node_modules/pm2/lib/ProcessContainerFork.js:53:21)
    at Module._compile (module.js:571:32)
    at Object.Module._extensions..js (module.js:580:10)
    at Module.load (module.js:488:32)
    at tryModuleLoad (module.js:447:12)
    at Function.Module._load (module.js:439:3)
    at Module.runMain (module.js:605:10)
    at run (bootstrap_node.js:427:7)
Error: ENOENT: no such file or directory, open '../key.pem'
    at Object.fs.openSync (fs.js:584:18)
    at Object.fs.readFileSync (fs.js:491:33)
    at Object.<anonymous> (/home/ubuntu/dogeun/bin/www:13:10)
    at Module._compile (module.js:571:32)
    at Object.Module._extensions..js (module.js:580:10)
    at Module.load (module.js:488:32)
    at tryModuleLoad (module.js:447:12)
    at Function.Module._load (module.js:439:3)
    at Object.<anonymous> (/usr/lib/node_modules/pm2/lib/ProcessContainerFork.js:53:21)
    at Module._compile (module.js:571:32)
    at Object.Module._extensions..js (module.js:580:10)
    at Module.load (module.js:488:32)
    at tryModuleLoad (module.js:447:12)
    at Function.Module._load (module.js:439:3)
    at Module.runMain (module.js:605:10)
    at run (bootstrap_node.js:427:7)
Error: ENOENT: no such file or directory, open '../key.pem'
    at Object.fs.openSync (fs.js:584:18)
    at Object.fs.readFileSync (fs.js:491:33)
    at Object.<anonymous> (/home/ubuntu/dogeun/bin/www:13:10)
    at Module._compile (module.js:571:32)
    at Object.Module._extensions..js (module.js:580:10)
    at Module.load (module.js:488:32)
    at tryModuleLoad (module.js:447:12)
    at Function.Module._load (module.js:439:3)
    at Object.<anonymous> (/usr/lib/node_modules/pm2/lib/ProcessContainerFork.js:53:21)
    at Module._compile (module.js:571:32)
    at Object.Module._extensions..js (module.js:580:10)
    at Module.load (module.js:488:32)
    at tryModuleLoad (module.js:447:12)
    at Function.Module._load (module.js:439:3)
    at Module.runMain (module.js:605:10)
    at run (bootstrap_node.js:427:7)
Error: ENOENT: no such file or directory, open '../key.pem'
    at Object.fs.openSync (fs.js:584:18)
    at Object.fs.readFileSync (fs.js:491:33)
    at Object.<anonymous> (/home/ubuntu/dogeun/bin/www:13:10)
    at Module._compile (module.js:571:32)
    at Object.Module._extensions..js (module.js:580:10)
    at Module.load (module.js:488:32)
    at tryModuleLoad (module.js:447:12)
    at Function.Module._load (module.js:439:3)
    at Object.<anonymous> (/usr/lib/node_modules/pm2/lib/ProcessContainerFork.js:53:21)
    at Module._compile (module.js:571:32)
    at Object.Module._extensions..js (module.js:580:10)
    at Module.load (module.js:488:32)
    at tryModuleLoad (module.js:447:12)
    at Function.Module._load (module.js:439:3)
    at Module.runMain (module.js:605:10)
    at run (bootstrap_node.js:427:7)
Error: ENOENT: no such file or directory, open '../key.pem'
    at Object.fs.openSync (fs.js:584:18)
    at Object.fs.readFileSync (fs.js:491:33)
    at Object.<anonymous> (/home/ubuntu/dogeun/bin/www:13:10)
    at Module._compile (module.js:571:32)
    at Object.Module._extensions..js (module.js:580:10)
    at Module.load (module.js:488:32)
    at tryModuleLoad (module.js:447:12)
    at Function.Module._load (module.js:439:3)
    at Object.<anonymous> (/usr/lib/node_modules/pm2/lib/ProcessContainerFork.js:53:21)
    at Module._compile (module.js:571:32)
    at Object.Module._extensions..js (module.js:580:10)
    at Module.load (module.js:488:32)
    at tryModuleLoad (module.js:447:12)
    at Function.Module._load (module.js:439:3)
    at Module.runMain (module.js:605:10)
    at run (bootstrap_node.js:427:7)
Error: ENOENT: no such file or directory, open '../key.pem'
    at Object.fs.openSync (fs.js:584:18)
    at Object.fs.readFileSync (fs.js:491:33)
    at Object.<anonymous> (/home/ubuntu/dogeun/bin/www:13:10)
    at Module._compile (module.js:571:32)
    at Object.Module._extensions..js (module.js:580:10)
    at Module.load (module.js:488:32)
    at tryModuleLoad (module.js:447:12)
    at Function.Module._load (module.js:439:3)
    at Object.<anonymous> (/usr/lib/node_modules/pm2/lib/ProcessContainerFork.js:53:21)
    at Module._compile (module.js:571:32)
    at Object.Module._extensions..js (module.js:580:10)
    at Module.load (module.js:488:32)
    at tryModuleLoad (module.js:447:12)
    at Function.Module._load (module.js:439:3)
    at Module.runMain (module.js:605:10)
    at run (bootstrap_node.js:427:7)
Error: ENOENT: no such file or directory, open '../key.pem'
    at Object.fs.openSync (fs.js:584:18)
    at Object.fs.readFileSync (fs.js:491:33)
    at Object.<anonymous> (/home/ubuntu/dogeun/bin/www:13:10)
    at Module._compile (module.js:571:32)
    at Object.Module._extensions..js (module.js:580:10)
    at Module.load (module.js:488:32)
    at tryModuleLoad (module.js:447:12)
    at Function.Module._load (module.js:439:3)
    at Object.<anonymous> (/usr/lib/node_modules/pm2/lib/ProcessContainerFork.js:53:21)
    at Module._compile (module.js:571:32)
    at Object.Module._extensions..js (module.js:580:10)
    at Module.load (module.js:488:32)
    at tryModuleLoad (module.js:447:12)
    at Function.Module._load (module.js:439:3)
    at Module.runMain (module.js:605:10)
    at run (bootstrap_node.js:427:7)
Error: ENOENT: no such file or directory, open '../key.pem'
    at Object.fs.openSync (fs.js:584:18)
    at Object.fs.readFileSync (fs.js:491:33)
    at Object.<anonymous> (/home/ubuntu/dogeun/bin/www:13:10)
    at Module._compile (module.js:571:32)
    at Object.Module._extensions..js (module.js:580:10)
    at Module.load (module.js:488:32)
    at tryModuleLoad (module.js:447:12)
    at Function.Module._load (module.js:439:3)
    at Object.<anonymous> (/usr/lib/node_modules/pm2/lib/ProcessContainerFork.js:53:21)
    at Module._compile (module.js:571:32)
    at Object.Module._extensions..js (module.js:580:10)
    at Module.load (module.js:488:32)
    at tryModuleLoad (module.js:447:12)
    at Function.Module._load (module.js:439:3)
    at Module.runMain (module.js:605:10)
    at run (bootstrap_node.js:427:7)
Error: ENOENT: no such file or directory, open '../key.pem'
    at Object.fs.openSync (fs.js:584:18)
    at Object.fs.readFileSync (fs.js:491:33)
    at Object.<anonymous> (/home/ubuntu/dogeun/bin/www:13:10)
    at Module._compile (module.js:571:32)
    at Object.Module._extensions..js (module.js:580:10)
    at Module.load (module.js:488:32)
    at tryModuleLoad (module.js:447:12)
    at Function.Module._load (module.js:439:3)
    at Object.<anonymous> (/usr/lib/node_modules/pm2/lib/ProcessContainerFork.js:53:21)
    at Module._compile (module.js:571:32)
    at Object.Module._extensions..js (module.js:580:10)
    at Module.load (module.js:488:32)
    at tryModuleLoad (module.js:447:12)
    at Function.Module._load (module.js:439:3)
    at Module.runMain (module.js:605:10)
    at run (bootstrap_node.js:427:7)
Error: ENOENT: no such file or directory, open '../key.pem'
    at Object.fs.openSync (fs.js:584:18)
    at Object.fs.readFileSync (fs.js:491:33)
    at Object.<anonymous> (/home/ubuntu/dogeun/bin/www:13:10)
    at Module._compile (module.js:571:32)
    at Object.Module._extensions..js (module.js:580:10)
    at Module.load (module.js:488:32)
    at tryModuleLoad (module.js:447:12)
    at Function.Module._load (module.js:439:3)
    at Object.<anonymous> (/usr/lib/node_modules/pm2/lib/ProcessContainerFork.js:53:21)
    at Module._compile (module.js:571:32)
    at Object.Module._extensions..js (module.js:580:10)
    at Module.load (module.js:488:32)
    at tryModuleLoad (module.js:447:12)
    at Function.Module._load (module.js:439:3)
    at Module.runMain (module.js:605:10)
    at run (bootstrap_node.js:427:7)
Error: ENOENT: no such file or directory, open '../key.pem'
    at Object.fs.openSync (fs.js:584:18)
    at Object.fs.readFileSync (fs.js:491:33)
    at Object.<anonymous> (/home/ubuntu/dogeun/bin/www:13:10)
    at Module._compile (module.js:571:32)
    at Object.Module._extensions..js (module.js:580:10)
    at Module.load (module.js:488:32)
    at tryModuleLoad (module.js:447:12)
    at Function.Module._load (module.js:439:3)
    at Object.<anonymous> (/usr/lib/node_modules/pm2/lib/ProcessContainerFork.js:53:21)
    at Module._compile (module.js:571:32)
    at Object.Module._extensions..js (module.js:580:10)
    at Module.load (module.js:488:32)
    at tryModuleLoad (module.js:447:12)
    at Function.Module._load (module.js:439:3)
    at Module.runMain (module.js:605:10)
    at run (bootstrap_node.js:427:7)
