0 info it worked if it ends with ok
1 verbose cli [ '/usr/bin/nodejs', '/usr/bin/npm', 'start' ]
2 info using npm@4.2.0
3 info using node@v7.10.0
4 verbose run-script [ 'prestart', 'start', 'poststart' ]
5 info lifecycle dogeun@0.0.0~prestart: dogeun@0.0.0
6 silly lifecycle dogeun@0.0.0~prestart: no script for prestart, continuing
7 info lifecycle dogeun@0.0.0~start: dogeun@0.0.0
8 verbose lifecycle dogeun@0.0.0~start: unsafe-perm in lifecycle true
9 verbose lifecycle dogeun@0.0.0~start: PATH: /usr/lib/node_modules/npm/bin/node-gyp-bin:/home/ubuntu/dogeun/node_modules/.bin:/home/ubuntu/bin:/home/ubuntu/.local/bin:/usr/local/sbin:/usr/local/bin:/usr/sbin:/usr/bin:/sbin:/bin:/usr/games:/usr/local/games:/snap/bin
10 verbose lifecycle dogeun@0.0.0~start: CWD: /home/ubuntu/dogeun
11 silly lifecycle dogeun@0.0.0~start: Args: [ '-c', 'node ./bin/www' ]
12 silly lifecycle dogeun@0.0.0~start: Returned: code: 1  signal: null
13 info lifecycle dogeun@0.0.0~start: Failed to exec start script
14 verbose stack Error: dogeun@0.0.0 start: `node ./bin/www`
14 verbose stack Exit status 1
14 verbose stack     at EventEmitter.<anonymous> (/usr/lib/node_modules/npm/lib/utils/lifecycle.js:279:16)
14 verbose stack     at emitTwo (events.js:106:13)
14 verbose stack     at EventEmitter.emit (events.js:194:7)
14 verbose stack     at ChildProcess.<anonymous> (/usr/lib/node_modules/npm/lib/utils/spawn.js:40:14)
14 verbose stack     at emitTwo (events.js:106:13)
14 verbose stack     at ChildProcess.emit (events.js:194:7)
14 verbose stack     at maybeClose (internal/child_process.js:899:16)
14 verbose stack     at Process.ChildProcess._handle.onexit (internal/child_process.js:226:5)
15 verbose pkgid dogeun@0.0.0
16 verbose cwd /home/ubuntu/dogeun
17 error Linux 4.4.0-1013-aws
18 error argv "/usr/bin/nodejs" "/usr/bin/npm" "start"
19 error node v7.10.0
20 error npm  v4.2.0
21 error code ELIFECYCLE
22 error errno 1
23 error dogeun@0.0.0 start: `node ./bin/www`
23 error Exit status 1
24 error Failed at the dogeun@0.0.0 start script 'node ./bin/www'.
24 error Make sure you have the latest version of node.js and npm installed.
24 error If you do, this is most likely a problem with the dogeun package,
24 error not with npm itself.
24 error Tell the author that this fails on your system:
24 error     node ./bin/www
24 error You can get information on how to open an issue for this project with:
24 error     npm bugs dogeun
24 error Or if that isn't available, you can get their info via:
24 error     npm owner ls dogeun
24 error There is likely additional logging output above.
25 verbose exit [ 1, true ]
